[2023-12-22T14:37:20.614-0300] {taskinstance.py:1957} INFO - Dependencies all met for dep_context=non-requeueable deps ti=<TaskInstance: model_adventureworks_sales_category.checks_transform manual__2023-12-22T17:32:52.296503+00:00 [queued]>
[2023-12-22T14:37:20.620-0300] {taskinstance.py:1957} INFO - Dependencies all met for dep_context=requeueable deps ti=<TaskInstance: model_adventureworks_sales_category.checks_transform manual__2023-12-22T17:32:52.296503+00:00 [queued]>
[2023-12-22T14:37:20.620-0300] {taskinstance.py:2171} INFO - Starting attempt 1 of 2
[2023-12-22T14:37:20.845-0300] {taskinstance.py:2192} INFO - Executing <Task(PythonVirtualenvOperator): checks_transform> on 2023-12-22 17:32:52.296503+00:00
[2023-12-22T14:37:20.851-0300] {standard_task_runner.py:60} INFO - Started process 93035 to run task
[2023-12-22T14:37:20.854-0300] {standard_task_runner.py:87} INFO - Running: ['airflow', 'tasks', 'run', 'model_adventureworks_sales_category', 'checks_transform', 'manual__2023-12-22T17:32:52.296503+00:00', '--job-id', '48', '--raw', '--subdir', 'DAGS_FOLDER/model_sales_category.py', '--cfg-path', '/tmp/tmpyzk3tb4q']
[2023-12-22T14:37:20.856-0300] {standard_task_runner.py:88} INFO - Job 48: Subtask checks_transform
[2023-12-22T14:37:21.000-0300] {task_command.py:423} INFO - Running <TaskInstance: model_adventureworks_sales_category.checks_transform manual__2023-12-22T17:32:52.296503+00:00 [running]> on host franco-MS-7B84
[2023-12-22T14:37:21.486-0300] {taskinstance.py:2481} INFO - Exporting env vars: AIRFLOW_CTX_DAG_OWNER='soda_core' AIRFLOW_CTX_DAG_ID='model_adventureworks_sales_category' AIRFLOW_CTX_TASK_ID='checks_transform' AIRFLOW_CTX_EXECUTION_DATE='2023-12-22T17:32:52.296503+00:00' AIRFLOW_CTX_TRY_NUMBER='1' AIRFLOW_CTX_DAG_RUN_ID='manual__2023-12-22T17:32:52.296503+00:00'
[2023-12-22T14:37:21.487-0300] {process_utils.py:182} INFO - Executing cmd: /home/franco/Documents/Projects/soda/.venv/bin/python -m virtualenv /tmp/venv6v99bdh7 --python=python
[2023-12-22T14:37:21.488-0300] {process_utils.py:186} INFO - Output:
[2023-12-22T14:37:21.673-0300] {process_utils.py:190} INFO - created virtual environment CPython3.10.12.final.0-64 in 116ms
[2023-12-22T14:37:21.673-0300] {process_utils.py:190} INFO -   creator CPython3Posix(dest=/tmp/venv6v99bdh7, clear=False, no_vcs_ignore=False, global=False)
[2023-12-22T14:37:21.674-0300] {process_utils.py:190} INFO -   seeder FromAppData(download=False, pip=bundle, setuptools=bundle, wheel=bundle, via=copy, app_data_dir=/home/franco/.local/share/virtualenv)
[2023-12-22T14:37:21.674-0300] {process_utils.py:190} INFO -     added seed packages: pip==23.3.2, setuptools==69.0.2, wheel==0.42.0
[2023-12-22T14:37:21.674-0300] {process_utils.py:190} INFO -   activators BashActivator,CShellActivator,FishActivator,NushellActivator,PowerShellActivator,PythonActivator
[2023-12-22T14:37:21.693-0300] {process_utils.py:182} INFO - Executing cmd: /tmp/venv6v99bdh7/bin/pip install -r /tmp/venv6v99bdh7/requirements.txt
[2023-12-22T14:37:21.694-0300] {process_utils.py:186} INFO - Output:
[2023-12-22T14:37:22.391-0300] {process_utils.py:190} INFO - Looking in indexes: https://pypi.cloud.soda.io
[2023-12-22T14:37:23.886-0300] {process_utils.py:190} INFO - Collecting soda-postgres (from -r /tmp/venv6v99bdh7/requirements.txt (line 2))
[2023-12-22T14:37:24.124-0300] {process_utils.py:190} INFO -   Downloading https://pypi.cloud.soda.io/packages/soda_postgres-1.1.28-py3-none-any.whl (5.2 kB)
[2023-12-22T14:37:24.628-0300] {process_utils.py:190} INFO - Collecting soda-scientific (from -r /tmp/venv6v99bdh7/requirements.txt (line 3))
[2023-12-22T14:37:24.869-0300] {process_utils.py:190} INFO -   Downloading https://pypi.cloud.soda.io/packages/soda_scientific-1.1.28-py3-none-any.whl (21 kB)
[2023-12-22T14:37:25.365-0300] {process_utils.py:190} INFO - Collecting soda==1.1.28 (from soda-postgres->-r /tmp/venv6v99bdh7/requirements.txt (line 2))
[2023-12-22T14:37:25.601-0300] {process_utils.py:190} INFO -   Downloading https://pypi.cloud.soda.io/packages/soda-1.1.28-py3-none-any.whl (246 kB)
[2023-12-22T14:37:26.068-0300] {process_utils.py:190} INFO -      ━━━━━━━━━━━━━━━━━━━━━━━━━━━━━━━━━━━━━━━━ 246.7/246.7 kB 508.8 kB/s eta 0:00:00
[2023-12-22T14:37:26.742-0300] {process_utils.py:190} INFO - Collecting psycopg2-binary<3.0,>=2.8.5 (from soda-postgres->-r /tmp/venv6v99bdh7/requirements.txt (line 2))
[2023-12-22T14:37:26.743-0300] {process_utils.py:190} INFO -   Using cached psycopg2_binary-2.9.9-cp310-cp310-manylinux_2_17_x86_64.manylinux2014_x86_64.whl.metadata (4.4 kB)
[2023-12-22T14:37:27.299-0300] {process_utils.py:190} INFO - Collecting markupsafe<=2.1.2,>=2.0.1 (from soda==1.1.28->soda-postgres->-r /tmp/venv6v99bdh7/requirements.txt (line 2))
[2023-12-22T14:37:27.301-0300] {process_utils.py:190} INFO -   Using cached MarkupSafe-2.1.2-cp310-cp310-manylinux_2_17_x86_64.manylinux2014_x86_64.whl (25 kB)
[2023-12-22T14:37:27.835-0300] {process_utils.py:190} INFO - Collecting Jinja2<4.0,>=2.11 (from soda==1.1.28->soda-postgres->-r /tmp/venv6v99bdh7/requirements.txt (line 2))
[2023-12-22T14:37:27.836-0300] {process_utils.py:190} INFO -   Using cached Jinja2-3.1.2-py3-none-any.whl (133 kB)
[2023-12-22T14:37:28.379-0300] {process_utils.py:190} INFO - Collecting click~=8.0 (from soda==1.1.28->soda-postgres->-r /tmp/venv6v99bdh7/requirements.txt (line 2))
[2023-12-22T14:37:28.380-0300] {process_utils.py:190} INFO -   Using cached click-8.1.7-py3-none-any.whl.metadata (3.0 kB)
[2023-12-22T14:37:29.051-0300] {process_utils.py:190} INFO - Collecting ruamel.yaml<0.18.0,>=0.17.0 (from soda==1.1.28->soda-postgres->-r /tmp/venv6v99bdh7/requirements.txt (line 2))
[2023-12-22T14:37:29.052-0300] {process_utils.py:190} INFO -   Using cached ruamel.yaml-0.17.40-py3-none-any.whl.metadata (19 kB)
[2023-12-22T14:37:29.598-0300] {process_utils.py:190} INFO - Collecting requests~=2.28 (from soda==1.1.28->soda-postgres->-r /tmp/venv6v99bdh7/requirements.txt (line 2))
[2023-12-22T14:37:29.600-0300] {process_utils.py:190} INFO -   Using cached requests-2.31.0-py3-none-any.whl.metadata (4.6 kB)
[2023-12-22T14:37:30.127-0300] {process_utils.py:190} INFO - Collecting antlr4-python3-runtime~=4.11.1 (from soda==1.1.28->soda-postgres->-r /tmp/venv6v99bdh7/requirements.txt (line 2))
[2023-12-22T14:37:30.129-0300] {process_utils.py:190} INFO -   Using cached antlr4_python3_runtime-4.11.1-py3-none-any.whl (144 kB)
[2023-12-22T14:37:30.672-0300] {process_utils.py:190} INFO - Collecting opentelemetry-api~=1.16.0 (from soda==1.1.28->soda-postgres->-r /tmp/venv6v99bdh7/requirements.txt (line 2))
[2023-12-22T14:37:30.674-0300] {process_utils.py:190} INFO -   Using cached opentelemetry_api-1.16.0-py3-none-any.whl (57 kB)
[2023-12-22T14:37:31.257-0300] {process_utils.py:190} INFO - Collecting opentelemetry-exporter-otlp-proto-http~=1.16.0 (from soda==1.1.28->soda-postgres->-r /tmp/venv6v99bdh7/requirements.txt (line 2))
[2023-12-22T14:37:31.259-0300] {process_utils.py:190} INFO -   Using cached opentelemetry_exporter_otlp_proto_http-1.16.0-py3-none-any.whl (21 kB)
[2023-12-22T14:37:31.876-0300] {process_utils.py:190} INFO - Collecting sqlparse~=0.4 (from soda==1.1.28->soda-postgres->-r /tmp/venv6v99bdh7/requirements.txt (line 2))
[2023-12-22T14:37:31.877-0300] {process_utils.py:190} INFO -   Using cached sqlparse-0.4.4-py3-none-any.whl (41 kB)
[2023-12-22T14:37:32.470-0300] {process_utils.py:190} INFO - Collecting inflect~=7.0 (from soda==1.1.28->soda-postgres->-r /tmp/venv6v99bdh7/requirements.txt (line 2))
[2023-12-22T14:37:32.472-0300] {process_utils.py:190} INFO -   Using cached inflect-7.0.0-py3-none-any.whl.metadata (21 kB)
[2023-12-22T14:37:32.966-0300] {process_utils.py:190} INFO - Collecting soda-freshness<1.0.0,>=0.0.5 (from soda==1.1.28->soda-postgres->-r /tmp/venv6v99bdh7/requirements.txt (line 2))
[2023-12-22T14:37:33.204-0300] {process_utils.py:190} INFO -   Downloading https://pypi.cloud.soda.io/packages/soda_freshness-0.0.5-py3-none-any.whl (4.3 kB)
[2023-12-22T14:37:33.684-0300] {process_utils.py:190} INFO - Collecting ia-questionary (from soda==1.1.28->soda-postgres->-r /tmp/venv6v99bdh7/requirements.txt (line 2))
[2023-12-22T14:37:33.923-0300] {process_utils.py:190} INFO -   Downloading https://pypi.cloud.soda.io/packages/ia_questionary-1.10.0-py3-none-any.whl (35 kB)
[2023-12-22T14:37:34.518-0300] {process_utils.py:190} INFO - Collecting rich<14.0.0,>=13.3.3 (from soda==1.1.28->soda-postgres->-r /tmp/venv6v99bdh7/requirements.txt (line 2))
[2023-12-22T14:37:34.519-0300] {process_utils.py:190} INFO -   Using cached rich-13.7.0-py3-none-any.whl.metadata (18 kB)
[2023-12-22T14:37:35.048-0300] {process_utils.py:190} INFO - Collecting typer<1.0.0,>=0.7.0 (from soda==1.1.28->soda-postgres->-r /tmp/venv6v99bdh7/requirements.txt (line 2))
[2023-12-22T14:37:35.049-0300] {process_utils.py:190} INFO -   Using cached typer-0.9.0-py3-none-any.whl (45 kB)
[2023-12-22T14:37:35.728-0300] {process_utils.py:190} INFO - Collecting pydantic<3.0.0,>=2.0.0 (from soda==1.1.28->soda-postgres->-r /tmp/venv6v99bdh7/requirements.txt (line 2))
[2023-12-22T14:37:35.729-0300] {process_utils.py:190} INFO -   Using cached pydantic-2.5.3-py3-none-any.whl.metadata (65 kB)
[2023-12-22T14:37:36.326-0300] {process_utils.py:190} INFO - Collecting pyyaml<7.0.0,>=5.4.1 (from soda==1.1.28->soda-postgres->-r /tmp/venv6v99bdh7/requirements.txt (line 2))
[2023-12-22T14:37:36.328-0300] {process_utils.py:190} INFO -   Using cached PyYAML-6.0.1-cp310-cp310-manylinux_2_17_x86_64.manylinux2014_x86_64.whl.metadata (2.1 kB)
[2023-12-22T14:37:36.859-0300] {process_utils.py:190} INFO - Collecting segment-analytics-python<3.0.0 (from soda==1.1.28->soda-postgres->-r /tmp/venv6v99bdh7/requirements.txt (line 2))
[2023-12-22T14:37:36.861-0300] {process_utils.py:190} INFO -   Using cached segment_analytics_python-2.2.3-py2.py3-none-any.whl.metadata (1.6 kB)
[2023-12-22T14:37:37.768-0300] {process_utils.py:190} INFO - Collecting pandas<2.0.0,>=1.3.5 (from soda==1.1.28->soda-postgres->-r /tmp/venv6v99bdh7/requirements.txt (line 2))
[2023-12-22T14:37:37.769-0300] {process_utils.py:190} INFO -   Using cached pandas-1.5.3-cp310-cp310-manylinux_2_17_x86_64.manylinux2014_x86_64.whl (12.1 MB)
[2023-12-22T14:37:38.342-0300] {process_utils.py:190} INFO - Collecting deepdiff~=6.3 (from soda==1.1.28->soda-postgres->-r /tmp/venv6v99bdh7/requirements.txt (line 2))
[2023-12-22T14:37:38.343-0300] {process_utils.py:190} INFO -   Using cached deepdiff-6.7.1-py3-none-any.whl.metadata (6.1 kB)
[2023-12-22T14:37:38.353-0300] {process_utils.py:190} INFO - Requirement already satisfied: wheel in /tmp/venv6v99bdh7/lib/python3.10/site-packages (from soda-scientific->-r /tmp/venv6v99bdh7/requirements.txt (line 3)) (0.42.0)
[2023-12-22T14:37:39.076-0300] {process_utils.py:190} INFO - Collecting scipy>=1.8.0 (from soda-scientific->-r /tmp/venv6v99bdh7/requirements.txt (line 3))
[2023-12-22T14:37:39.077-0300] {process_utils.py:190} INFO -   Using cached scipy-1.11.4-cp310-cp310-manylinux_2_17_x86_64.manylinux2014_x86_64.whl.metadata (60 kB)
[2023-12-22T14:37:39.734-0300] {process_utils.py:190} INFO - Collecting numpy<2.0.0,>=1.23.3 (from soda-scientific->-r /tmp/venv6v99bdh7/requirements.txt (line 3))
[2023-12-22T14:37:39.735-0300] {process_utils.py:190} INFO -   Using cached numpy-1.26.2-cp310-cp310-manylinux_2_17_x86_64.manylinux2014_x86_64.whl.metadata (61 kB)
[2023-12-22T14:37:40.306-0300] {process_utils.py:190} INFO - Collecting inflection==0.5.1 (from soda-scientific->-r /tmp/venv6v99bdh7/requirements.txt (line 3))
[2023-12-22T14:37:40.307-0300] {process_utils.py:190} INFO -   Using cached inflection-0.5.1-py2.py3-none-any.whl (9.5 kB)
[2023-12-22T14:37:40.876-0300] {process_utils.py:190} INFO - Collecting httpx<2.0.0,>=0.18.1 (from soda-scientific->-r /tmp/venv6v99bdh7/requirements.txt (line 3))
[2023-12-22T14:37:40.878-0300] {process_utils.py:190} INFO -   Using cached httpx-0.26.0-py3-none-any.whl.metadata (7.6 kB)
[2023-12-22T14:37:41.689-0300] {process_utils.py:190} INFO - Collecting cython>=0.22 (from soda-scientific->-r /tmp/venv6v99bdh7/requirements.txt (line 3))
[2023-12-22T14:37:41.691-0300] {process_utils.py:190} INFO -   Using cached Cython-3.0.7-cp310-cp310-manylinux_2_17_x86_64.manylinux2014_x86_64.whl.metadata (3.2 kB)
[2023-12-22T14:37:42.225-0300] {process_utils.py:190} INFO - Collecting prophet<2.0.0,>=1.1.0 (from soda-scientific->-r /tmp/venv6v99bdh7/requirements.txt (line 3))
[2023-12-22T14:37:42.227-0300] {process_utils.py:190} INFO -   Using cached prophet-1.1.5-py3-none-manylinux_2_17_x86_64.manylinux2014_x86_64.whl.metadata (3.5 kB)
[2023-12-22T14:37:42.801-0300] {process_utils.py:190} INFO - Collecting anyio (from httpx<2.0.0,>=0.18.1->soda-scientific->-r /tmp/venv6v99bdh7/requirements.txt (line 3))
[2023-12-22T14:37:42.803-0300] {process_utils.py:190} INFO -   Using cached anyio-4.2.0-py3-none-any.whl.metadata (4.6 kB)
[2023-12-22T14:37:43.354-0300] {process_utils.py:190} INFO - Collecting certifi (from httpx<2.0.0,>=0.18.1->soda-scientific->-r /tmp/venv6v99bdh7/requirements.txt (line 3))
[2023-12-22T14:37:43.357-0300] {process_utils.py:190} INFO -   Using cached certifi-2023.11.17-py3-none-any.whl.metadata (2.2 kB)
[2023-12-22T14:37:43.912-0300] {process_utils.py:190} INFO - Collecting httpcore==1.* (from httpx<2.0.0,>=0.18.1->soda-scientific->-r /tmp/venv6v99bdh7/requirements.txt (line 3))
[2023-12-22T14:37:43.914-0300] {process_utils.py:190} INFO -   Using cached httpcore-1.0.2-py3-none-any.whl.metadata (20 kB)
[2023-12-22T14:37:44.457-0300] {process_utils.py:190} INFO - Collecting idna (from httpx<2.0.0,>=0.18.1->soda-scientific->-r /tmp/venv6v99bdh7/requirements.txt (line 3))
[2023-12-22T14:37:44.459-0300] {process_utils.py:190} INFO -   Using cached idna-3.6-py3-none-any.whl.metadata (9.9 kB)
[2023-12-22T14:37:45.012-0300] {process_utils.py:190} INFO - Collecting sniffio (from httpx<2.0.0,>=0.18.1->soda-scientific->-r /tmp/venv6v99bdh7/requirements.txt (line 3))
[2023-12-22T14:37:45.014-0300] {process_utils.py:190} INFO -   Using cached sniffio-1.3.0-py3-none-any.whl (10 kB)
[2023-12-22T14:37:45.556-0300] {process_utils.py:190} INFO - Collecting h11<0.15,>=0.13 (from httpcore==1.*->httpx<2.0.0,>=0.18.1->soda-scientific->-r /tmp/venv6v99bdh7/requirements.txt (line 3))
[2023-12-22T14:37:45.558-0300] {process_utils.py:190} INFO -   Using cached h11-0.14.0-py3-none-any.whl (58 kB)
[2023-12-22T14:37:46.115-0300] {process_utils.py:190} INFO - Collecting python-dateutil>=2.8.1 (from pandas<2.0.0,>=1.3.5->soda==1.1.28->soda-postgres->-r /tmp/venv6v99bdh7/requirements.txt (line 2))
[2023-12-22T14:37:46.117-0300] {process_utils.py:190} INFO -   Using cached python_dateutil-2.8.2-py2.py3-none-any.whl (247 kB)
[2023-12-22T14:37:46.732-0300] {process_utils.py:190} INFO - Collecting pytz>=2020.1 (from pandas<2.0.0,>=1.3.5->soda==1.1.28->soda-postgres->-r /tmp/venv6v99bdh7/requirements.txt (line 2))
[2023-12-22T14:37:46.734-0300] {process_utils.py:190} INFO -   Using cached pytz-2023.3.post1-py2.py3-none-any.whl.metadata (22 kB)
[2023-12-22T14:37:47.268-0300] {process_utils.py:190} INFO - Collecting cmdstanpy>=1.0.4 (from prophet<2.0.0,>=1.1.0->soda-scientific->-r /tmp/venv6v99bdh7/requirements.txt (line 3))
[2023-12-22T14:37:47.269-0300] {process_utils.py:190} INFO -   Using cached cmdstanpy-1.2.0-py3-none-any.whl.metadata (3.9 kB)
[2023-12-22T14:37:47.890-0300] {process_utils.py:190} INFO - Collecting matplotlib>=2.0.0 (from prophet<2.0.0,>=1.1.0->soda-scientific->-r /tmp/venv6v99bdh7/requirements.txt (line 3))
[2023-12-22T14:37:47.891-0300] {process_utils.py:190} INFO -   Using cached matplotlib-3.8.2-cp310-cp310-manylinux_2_17_x86_64.manylinux2014_x86_64.whl.metadata (5.8 kB)
[2023-12-22T14:37:48.499-0300] {process_utils.py:190} INFO - Collecting holidays>=0.25 (from prophet<2.0.0,>=1.1.0->soda-scientific->-r /tmp/venv6v99bdh7/requirements.txt (line 3))
[2023-12-22T14:37:48.501-0300] {process_utils.py:190} INFO -   Using cached holidays-0.39-py3-none-any.whl.metadata (21 kB)
[2023-12-22T14:37:49.058-0300] {process_utils.py:190} INFO - Collecting tqdm>=4.36.1 (from prophet<2.0.0,>=1.1.0->soda-scientific->-r /tmp/venv6v99bdh7/requirements.txt (line 3))
[2023-12-22T14:37:49.059-0300] {process_utils.py:190} INFO -   Using cached tqdm-4.66.1-py3-none-any.whl.metadata (57 kB)
[2023-12-22T14:37:49.618-0300] {process_utils.py:190} INFO - Collecting importlib-resources (from prophet<2.0.0,>=1.1.0->soda-scientific->-r /tmp/venv6v99bdh7/requirements.txt (line 3))
[2023-12-22T14:37:49.620-0300] {process_utils.py:190} INFO -   Using cached importlib_resources-6.1.1-py3-none-any.whl.metadata (4.1 kB)
[2023-12-22T14:37:50.160-0300] {process_utils.py:190} INFO - Collecting annotated-types>=0.4.0 (from pydantic<3.0.0,>=2.0.0->soda==1.1.28->soda-postgres->-r /tmp/venv6v99bdh7/requirements.txt (line 2))
[2023-12-22T14:37:50.163-0300] {process_utils.py:190} INFO -   Using cached annotated_types-0.6.0-py3-none-any.whl.metadata (12 kB)
[2023-12-22T14:37:51.193-0300] {process_utils.py:190} INFO - Collecting pydantic-core==2.14.6 (from pydantic<3.0.0,>=2.0.0->soda==1.1.28->soda-postgres->-r /tmp/venv6v99bdh7/requirements.txt (line 2))
[2023-12-22T14:37:51.194-0300] {process_utils.py:190} INFO -   Using cached pydantic_core-2.14.6-cp310-cp310-manylinux_2_17_x86_64.manylinux2014_x86_64.whl.metadata (6.5 kB)
[2023-12-22T14:37:51.783-0300] {process_utils.py:190} INFO - Collecting typing-extensions>=4.6.1 (from pydantic<3.0.0,>=2.0.0->soda==1.1.28->soda-postgres->-r /tmp/venv6v99bdh7/requirements.txt (line 2))
[2023-12-22T14:37:51.784-0300] {process_utils.py:190} INFO -   Using cached typing_extensions-4.9.0-py3-none-any.whl.metadata (3.0 kB)
[2023-12-22T14:37:52.370-0300] {process_utils.py:190} INFO - Collecting stanio~=0.3.0 (from cmdstanpy>=1.0.4->prophet<2.0.0,>=1.1.0->soda-scientific->-r /tmp/venv6v99bdh7/requirements.txt (line 3))
[2023-12-22T14:37:52.371-0300] {process_utils.py:190} INFO -   Using cached stanio-0.3.0-py3-none-any.whl.metadata (963 bytes)
[2023-12-22T14:37:52.904-0300] {process_utils.py:190} INFO - Collecting ordered-set<4.2.0,>=4.0.2 (from deepdiff~=6.3->soda==1.1.28->soda-postgres->-r /tmp/venv6v99bdh7/requirements.txt (line 2))
[2023-12-22T14:37:52.906-0300] {process_utils.py:190} INFO -   Using cached ordered_set-4.1.0-py3-none-any.whl (7.6 kB)
[2023-12-22T14:37:53.548-0300] {process_utils.py:190} INFO - Collecting contourpy>=1.0.1 (from matplotlib>=2.0.0->prophet<2.0.0,>=1.1.0->soda-scientific->-r /tmp/venv6v99bdh7/requirements.txt (line 3))
[2023-12-22T14:37:53.550-0300] {process_utils.py:190} INFO -   Using cached contourpy-1.2.0-cp310-cp310-manylinux_2_17_x86_64.manylinux2014_x86_64.whl.metadata (5.8 kB)
[2023-12-22T14:37:54.079-0300] {process_utils.py:190} INFO - Collecting cycler>=0.10 (from matplotlib>=2.0.0->prophet<2.0.0,>=1.1.0->soda-scientific->-r /tmp/venv6v99bdh7/requirements.txt (line 3))
[2023-12-22T14:37:54.080-0300] {process_utils.py:190} INFO -   Using cached cycler-0.12.1-py3-none-any.whl.metadata (3.8 kB)
[2023-12-22T14:37:54.807-0300] {process_utils.py:190} INFO - Collecting fonttools>=4.22.0 (from matplotlib>=2.0.0->prophet<2.0.0,>=1.1.0->soda-scientific->-r /tmp/venv6v99bdh7/requirements.txt (line 3))
[2023-12-22T14:37:54.809-0300] {process_utils.py:190} INFO -   Using cached fonttools-4.47.0-cp310-cp310-manylinux_2_17_x86_64.manylinux2014_x86_64.whl.metadata (157 kB)
[2023-12-22T14:37:55.374-0300] {process_utils.py:190} INFO - Collecting kiwisolver>=1.3.1 (from matplotlib>=2.0.0->prophet<2.0.0,>=1.1.0->soda-scientific->-r /tmp/venv6v99bdh7/requirements.txt (line 3))
[2023-12-22T14:37:55.375-0300] {process_utils.py:190} INFO -   Using cached kiwisolver-1.4.5-cp310-cp310-manylinux_2_12_x86_64.manylinux2010_x86_64.whl.metadata (6.4 kB)
[2023-12-22T14:37:55.925-0300] {process_utils.py:190} INFO - Collecting packaging>=20.0 (from matplotlib>=2.0.0->prophet<2.0.0,>=1.1.0->soda-scientific->-r /tmp/venv6v99bdh7/requirements.txt (line 3))
[2023-12-22T14:37:55.926-0300] {process_utils.py:190} INFO -   Using cached packaging-23.2-py3-none-any.whl.metadata (3.2 kB)
[2023-12-22T14:37:56.591-0300] {process_utils.py:190} INFO - Collecting pillow>=8 (from matplotlib>=2.0.0->prophet<2.0.0,>=1.1.0->soda-scientific->-r /tmp/venv6v99bdh7/requirements.txt (line 3))
[2023-12-22T14:37:56.592-0300] {process_utils.py:190} INFO -   Using cached Pillow-10.1.0-cp310-cp310-manylinux_2_28_x86_64.whl.metadata (9.5 kB)
[2023-12-22T14:37:57.120-0300] {process_utils.py:190} INFO - Collecting pyparsing>=2.3.1 (from matplotlib>=2.0.0->prophet<2.0.0,>=1.1.0->soda-scientific->-r /tmp/venv6v99bdh7/requirements.txt (line 3))
[2023-12-22T14:37:57.121-0300] {process_utils.py:190} INFO -   Using cached pyparsing-3.1.1-py3-none-any.whl.metadata (5.1 kB)
[2023-12-22T14:37:57.651-0300] {process_utils.py:190} INFO - Collecting deprecated>=1.2.6 (from opentelemetry-api~=1.16.0->soda==1.1.28->soda-postgres->-r /tmp/venv6v99bdh7/requirements.txt (line 2))
[2023-12-22T14:37:57.652-0300] {process_utils.py:190} INFO -   Using cached Deprecated-1.2.14-py2.py3-none-any.whl.metadata (5.4 kB)
[2023-12-22T14:37:57.653-0300] {process_utils.py:190} INFO - Requirement already satisfied: setuptools>=16.0 in /tmp/venv6v99bdh7/lib/python3.10/site-packages (from opentelemetry-api~=1.16.0->soda==1.1.28->soda-postgres->-r /tmp/venv6v99bdh7/requirements.txt (line 2)) (69.0.2)
[2023-12-22T14:37:58.213-0300] {process_utils.py:190} INFO - Collecting backoff<3.0.0,>=1.10.0 (from opentelemetry-exporter-otlp-proto-http~=1.16.0->soda==1.1.28->soda-postgres->-r /tmp/venv6v99bdh7/requirements.txt (line 2))
[2023-12-22T14:37:58.215-0300] {process_utils.py:190} INFO -   Using cached backoff-2.2.1-py3-none-any.whl (15 kB)
[2023-12-22T14:37:58.781-0300] {process_utils.py:190} INFO - Collecting googleapis-common-protos~=1.52 (from opentelemetry-exporter-otlp-proto-http~=1.16.0->soda==1.1.28->soda-postgres->-r /tmp/venv6v99bdh7/requirements.txt (line 2))
[2023-12-22T14:37:58.784-0300] {process_utils.py:190} INFO -   Using cached googleapis_common_protos-1.62.0-py2.py3-none-any.whl.metadata (1.5 kB)
[2023-12-22T14:37:59.344-0300] {process_utils.py:190} INFO - Collecting opentelemetry-proto==1.16.0 (from opentelemetry-exporter-otlp-proto-http~=1.16.0->soda==1.1.28->soda-postgres->-r /tmp/venv6v99bdh7/requirements.txt (line 2))
[2023-12-22T14:37:59.346-0300] {process_utils.py:190} INFO -   Using cached opentelemetry_proto-1.16.0-py3-none-any.whl (52 kB)
[2023-12-22T14:37:59.890-0300] {process_utils.py:190} INFO - Collecting opentelemetry-sdk~=1.16.0 (from opentelemetry-exporter-otlp-proto-http~=1.16.0->soda==1.1.28->soda-postgres->-r /tmp/venv6v99bdh7/requirements.txt (line 2))
[2023-12-22T14:37:59.892-0300] {process_utils.py:190} INFO -   Using cached opentelemetry_sdk-1.16.0-py3-none-any.whl (94 kB)
[2023-12-22T14:38:00.570-0300] {process_utils.py:190} INFO - Collecting protobuf<5.0,>=3.19 (from opentelemetry-proto==1.16.0->opentelemetry-exporter-otlp-proto-http~=1.16.0->soda==1.1.28->soda-postgres->-r /tmp/venv6v99bdh7/requirements.txt (line 2))
[2023-12-22T14:38:00.571-0300] {process_utils.py:190} INFO -   Using cached protobuf-4.25.1-cp37-abi3-manylinux2014_x86_64.whl.metadata (541 bytes)
[2023-12-22T14:38:01.111-0300] {process_utils.py:190} INFO - Collecting six>=1.5 (from python-dateutil>=2.8.1->pandas<2.0.0,>=1.3.5->soda==1.1.28->soda-postgres->-r /tmp/venv6v99bdh7/requirements.txt (line 2))
[2023-12-22T14:38:01.112-0300] {process_utils.py:190} INFO -   Using cached six-1.16.0-py2.py3-none-any.whl (11 kB)
[2023-12-22T14:38:01.695-0300] {process_utils.py:190} INFO - Collecting charset-normalizer<4,>=2 (from requests~=2.28->soda==1.1.28->soda-postgres->-r /tmp/venv6v99bdh7/requirements.txt (line 2))
[2023-12-22T14:38:01.696-0300] {process_utils.py:190} INFO -   Using cached charset_normalizer-3.3.2-cp310-cp310-manylinux_2_17_x86_64.manylinux2014_x86_64.whl.metadata (33 kB)
[2023-12-22T14:38:02.248-0300] {process_utils.py:190} INFO - Collecting urllib3<3,>=1.21.1 (from requests~=2.28->soda==1.1.28->soda-postgres->-r /tmp/venv6v99bdh7/requirements.txt (line 2))
[2023-12-22T14:38:02.249-0300] {process_utils.py:190} INFO -   Using cached urllib3-2.1.0-py3-none-any.whl.metadata (6.4 kB)
[2023-12-22T14:38:02.814-0300] {process_utils.py:190} INFO - Collecting markdown-it-py>=2.2.0 (from rich<14.0.0,>=13.3.3->soda==1.1.28->soda-postgres->-r /tmp/venv6v99bdh7/requirements.txt (line 2))
[2023-12-22T14:38:02.817-0300] {process_utils.py:190} INFO -   Using cached markdown_it_py-3.0.0-py3-none-any.whl.metadata (6.9 kB)
[2023-12-22T14:38:03.364-0300] {process_utils.py:190} INFO - Collecting pygments<3.0.0,>=2.13.0 (from rich<14.0.0,>=13.3.3->soda==1.1.28->soda-postgres->-r /tmp/venv6v99bdh7/requirements.txt (line 2))
[2023-12-22T14:38:03.367-0300] {process_utils.py:190} INFO -   Using cached pygments-2.17.2-py3-none-any.whl.metadata (2.6 kB)
[2023-12-22T14:38:03.961-0300] {process_utils.py:190} INFO - Collecting ruamel.yaml.clib>=0.2.7 (from ruamel.yaml<0.18.0,>=0.17.0->soda==1.1.28->soda-postgres->-r /tmp/venv6v99bdh7/requirements.txt (line 2))
[2023-12-22T14:38:03.962-0300] {process_utils.py:190} INFO -   Using cached ruamel.yaml.clib-0.2.8-cp310-cp310-manylinux_2_17_x86_64.manylinux2014_x86_64.manylinux_2_24_x86_64.whl.metadata (2.2 kB)
[2023-12-22T14:38:04.495-0300] {process_utils.py:190} INFO - Collecting monotonic~=1.5 (from segment-analytics-python<3.0.0->soda==1.1.28->soda-postgres->-r /tmp/venv6v99bdh7/requirements.txt (line 2))
[2023-12-22T14:38:04.496-0300] {process_utils.py:190} INFO -   Using cached monotonic-1.6-py2.py3-none-any.whl (8.2 kB)
[2023-12-22T14:38:05.259-0300] {process_utils.py:190} INFO - Collecting exceptiongroup>=1.0.2 (from anyio->httpx<2.0.0,>=0.18.1->soda-scientific->-r /tmp/venv6v99bdh7/requirements.txt (line 3))
[2023-12-22T14:38:05.260-0300] {process_utils.py:190} INFO -   Using cached exceptiongroup-1.2.0-py3-none-any.whl.metadata (6.6 kB)
[2023-12-22T14:38:05.910-0300] {process_utils.py:190} INFO - Collecting prompt_toolkit<=3.0.36,>=2.0 (from ia-questionary->soda==1.1.28->soda-postgres->-r /tmp/venv6v99bdh7/requirements.txt (line 2))
[2023-12-22T14:38:05.911-0300] {process_utils.py:190} INFO -   Using cached prompt_toolkit-3.0.36-py3-none-any.whl (386 kB)
[2023-12-22T14:38:06.573-0300] {process_utils.py:190} INFO - Collecting wrapt<2,>=1.10 (from deprecated>=1.2.6->opentelemetry-api~=1.16.0->soda==1.1.28->soda-postgres->-r /tmp/venv6v99bdh7/requirements.txt (line 2))
[2023-12-22T14:38:06.574-0300] {process_utils.py:190} INFO -   Using cached wrapt-1.16.0-cp310-cp310-manylinux_2_5_x86_64.manylinux1_x86_64.manylinux_2_17_x86_64.manylinux2014_x86_64.whl.metadata (6.6 kB)
[2023-12-22T14:38:07.286-0300] {process_utils.py:190} INFO - Collecting mdurl~=0.1 (from markdown-it-py>=2.2.0->rich<14.0.0,>=13.3.3->soda==1.1.28->soda-postgres->-r /tmp/venv6v99bdh7/requirements.txt (line 2))
[2023-12-22T14:38:07.287-0300] {process_utils.py:190} INFO -   Using cached mdurl-0.1.2-py3-none-any.whl (10.0 kB)
[2023-12-22T14:38:07.848-0300] {process_utils.py:190} INFO - Collecting opentelemetry-semantic-conventions==0.37b0 (from opentelemetry-sdk~=1.16.0->opentelemetry-exporter-otlp-proto-http~=1.16.0->soda==1.1.28->soda-postgres->-r /tmp/venv6v99bdh7/requirements.txt (line 2))
[2023-12-22T14:38:07.851-0300] {process_utils.py:190} INFO -   Using cached opentelemetry_semantic_conventions-0.37b0-py3-none-any.whl (26 kB)
[2023-12-22T14:38:08.450-0300] {process_utils.py:190} INFO - Collecting wcwidth (from prompt_toolkit<=3.0.36,>=2.0->ia-questionary->soda==1.1.28->soda-postgres->-r /tmp/venv6v99bdh7/requirements.txt (line 2))
[2023-12-22T14:38:08.452-0300] {process_utils.py:190} INFO -   Using cached wcwidth-0.2.12-py2.py3-none-any.whl.metadata (14 kB)
[2023-12-22T14:38:08.611-0300] {process_utils.py:190} INFO - Using cached Cython-3.0.7-cp310-cp310-manylinux_2_17_x86_64.manylinux2014_x86_64.whl (3.6 MB)
[2023-12-22T14:38:08.619-0300] {process_utils.py:190} INFO - Using cached httpx-0.26.0-py3-none-any.whl (75 kB)
[2023-12-22T14:38:08.620-0300] {process_utils.py:190} INFO - Using cached httpcore-1.0.2-py3-none-any.whl (76 kB)
[2023-12-22T14:38:08.621-0300] {process_utils.py:190} INFO - Using cached numpy-1.26.2-cp310-cp310-manylinux_2_17_x86_64.manylinux2014_x86_64.whl (18.2 MB)
[2023-12-22T14:38:08.656-0300] {process_utils.py:190} INFO - Using cached prophet-1.1.5-py3-none-manylinux_2_17_x86_64.manylinux2014_x86_64.whl (14.4 MB)
[2023-12-22T14:38:08.685-0300] {process_utils.py:190} INFO - Using cached psycopg2_binary-2.9.9-cp310-cp310-manylinux_2_17_x86_64.manylinux2014_x86_64.whl (3.0 MB)
[2023-12-22T14:38:08.692-0300] {process_utils.py:190} INFO - Using cached pydantic-2.5.3-py3-none-any.whl (381 kB)
[2023-12-22T14:38:08.694-0300] {process_utils.py:190} INFO - Using cached pydantic_core-2.14.6-cp310-cp310-manylinux_2_17_x86_64.manylinux2014_x86_64.whl (2.1 MB)
[2023-12-22T14:38:08.698-0300] {process_utils.py:190} INFO - Using cached PyYAML-6.0.1-cp310-cp310-manylinux_2_17_x86_64.manylinux2014_x86_64.whl (705 kB)
[2023-12-22T14:38:08.702-0300] {process_utils.py:190} INFO - Using cached scipy-1.11.4-cp310-cp310-manylinux_2_17_x86_64.manylinux2014_x86_64.whl (36.4 MB)
[2023-12-22T14:38:08.773-0300] {process_utils.py:190} INFO - Using cached annotated_types-0.6.0-py3-none-any.whl (12 kB)
[2023-12-22T14:38:08.774-0300] {process_utils.py:190} INFO - Using cached click-8.1.7-py3-none-any.whl (97 kB)
[2023-12-22T14:38:08.775-0300] {process_utils.py:190} INFO - Using cached cmdstanpy-1.2.0-py3-none-any.whl (93 kB)
[2023-12-22T14:38:08.777-0300] {process_utils.py:190} INFO - Using cached deepdiff-6.7.1-py3-none-any.whl (76 kB)
[2023-12-22T14:38:08.778-0300] {process_utils.py:190} INFO - Using cached holidays-0.39-py3-none-any.whl (869 kB)
[2023-12-22T14:38:08.781-0300] {process_utils.py:190} INFO - Using cached inflect-7.0.0-py3-none-any.whl (34 kB)
[2023-12-22T14:38:08.783-0300] {process_utils.py:190} INFO - Using cached matplotlib-3.8.2-cp310-cp310-manylinux_2_17_x86_64.manylinux2014_x86_64.whl (11.6 MB)
[2023-12-22T14:38:08.806-0300] {process_utils.py:190} INFO - Using cached pytz-2023.3.post1-py2.py3-none-any.whl (502 kB)
[2023-12-22T14:38:08.808-0300] {process_utils.py:190} INFO - Using cached requests-2.31.0-py3-none-any.whl (62 kB)
[2023-12-22T14:38:08.809-0300] {process_utils.py:190} INFO - Using cached certifi-2023.11.17-py3-none-any.whl (162 kB)
[2023-12-22T14:38:08.810-0300] {process_utils.py:190} INFO - Using cached idna-3.6-py3-none-any.whl (61 kB)
[2023-12-22T14:38:08.811-0300] {process_utils.py:190} INFO - Using cached rich-13.7.0-py3-none-any.whl (240 kB)
[2023-12-22T14:38:08.813-0300] {process_utils.py:190} INFO - Using cached ruamel.yaml-0.17.40-py3-none-any.whl (113 kB)
[2023-12-22T14:38:08.815-0300] {process_utils.py:190} INFO - Using cached segment_analytics_python-2.2.3-py2.py3-none-any.whl (24 kB)
[2023-12-22T14:38:08.816-0300] {process_utils.py:190} INFO - Using cached tqdm-4.66.1-py3-none-any.whl (78 kB)
[2023-12-22T14:38:08.816-0300] {process_utils.py:190} INFO - Using cached typing_extensions-4.9.0-py3-none-any.whl (32 kB)
[2023-12-22T14:38:08.817-0300] {process_utils.py:190} INFO - Using cached anyio-4.2.0-py3-none-any.whl (85 kB)
[2023-12-22T14:38:08.819-0300] {process_utils.py:190} INFO - Using cached importlib_resources-6.1.1-py3-none-any.whl (33 kB)
[2023-12-22T14:38:08.819-0300] {process_utils.py:190} INFO - Using cached charset_normalizer-3.3.2-cp310-cp310-manylinux_2_17_x86_64.manylinux2014_x86_64.whl (142 kB)
[2023-12-22T14:38:08.821-0300] {process_utils.py:190} INFO - Using cached contourpy-1.2.0-cp310-cp310-manylinux_2_17_x86_64.manylinux2014_x86_64.whl (310 kB)
[2023-12-22T14:38:08.822-0300] {process_utils.py:190} INFO - Using cached cycler-0.12.1-py3-none-any.whl (8.3 kB)
[2023-12-22T14:38:08.823-0300] {process_utils.py:190} INFO - Using cached Deprecated-1.2.14-py2.py3-none-any.whl (9.6 kB)
[2023-12-22T14:38:08.823-0300] {process_utils.py:190} INFO - Using cached exceptiongroup-1.2.0-py3-none-any.whl (16 kB)
[2023-12-22T14:38:08.824-0300] {process_utils.py:190} INFO - Using cached fonttools-4.47.0-cp310-cp310-manylinux_2_17_x86_64.manylinux2014_x86_64.whl (4.6 MB)
[2023-12-22T14:38:08.835-0300] {process_utils.py:190} INFO - Using cached googleapis_common_protos-1.62.0-py2.py3-none-any.whl (228 kB)
[2023-12-22T14:38:08.836-0300] {process_utils.py:190} INFO - Using cached kiwisolver-1.4.5-cp310-cp310-manylinux_2_12_x86_64.manylinux2010_x86_64.whl (1.6 MB)
[2023-12-22T14:38:08.841-0300] {process_utils.py:190} INFO - Using cached markdown_it_py-3.0.0-py3-none-any.whl (87 kB)
[2023-12-22T14:38:08.842-0300] {process_utils.py:190} INFO - Using cached packaging-23.2-py3-none-any.whl (53 kB)
[2023-12-22T14:38:08.843-0300] {process_utils.py:190} INFO - Using cached Pillow-10.1.0-cp310-cp310-manylinux_2_28_x86_64.whl (3.6 MB)
[2023-12-22T14:38:08.851-0300] {process_utils.py:190} INFO - Using cached pygments-2.17.2-py3-none-any.whl (1.2 MB)
[2023-12-22T14:38:08.854-0300] {process_utils.py:190} INFO - Using cached pyparsing-3.1.1-py3-none-any.whl (103 kB)
[2023-12-22T14:38:08.855-0300] {process_utils.py:190} INFO - Using cached ruamel.yaml.clib-0.2.8-cp310-cp310-manylinux_2_17_x86_64.manylinux2014_x86_64.manylinux_2_24_x86_64.whl (526 kB)
[2023-12-22T14:38:08.857-0300] {process_utils.py:190} INFO - Using cached stanio-0.3.0-py3-none-any.whl (6.2 kB)
[2023-12-22T14:38:08.858-0300] {process_utils.py:190} INFO - Using cached urllib3-2.1.0-py3-none-any.whl (104 kB)
[2023-12-22T14:38:08.859-0300] {process_utils.py:190} INFO - Using cached protobuf-4.25.1-cp37-abi3-manylinux2014_x86_64.whl (294 kB)
[2023-12-22T14:38:08.861-0300] {process_utils.py:190} INFO - Using cached wrapt-1.16.0-cp310-cp310-manylinux_2_5_x86_64.manylinux1_x86_64.manylinux_2_17_x86_64.manylinux2014_x86_64.whl (80 kB)
[2023-12-22T14:38:08.862-0300] {process_utils.py:190} INFO - Using cached wcwidth-0.2.12-py2.py3-none-any.whl (34 kB)
[2023-12-22T14:38:09.337-0300] {process_utils.py:190} INFO - Installing collected packages: wcwidth, pytz, monotonic, antlr4-python3-runtime, wrapt, urllib3, typing-extensions, tqdm, sqlparse, sniffio, six, ruamel.yaml.clib, pyyaml, pyparsing, pygments, psycopg2-binary, protobuf, prompt_toolkit, pillow, packaging, ordered-set, opentelemetry-semantic-conventions, numpy, mdurl, markupsafe, kiwisolver, inflection, importlib-resources, idna, h11, fonttools, exceptiongroup, cython, cycler, click, charset-normalizer, certifi, backoff, annotated-types, typer, stanio, scipy, ruamel.yaml, requests, python-dateutil, pydantic-core, opentelemetry-proto, markdown-it-py, Jinja2, ia-questionary, httpcore, googleapis-common-protos, deprecated, deepdiff, contourpy, anyio, segment-analytics-python, rich, pydantic, pandas, opentelemetry-api, matplotlib, httpx, holidays, soda-freshness, opentelemetry-sdk, inflect, cmdstanpy, prophet, opentelemetry-exporter-otlp-proto-http, soda, soda-scientific, soda-postgres
[2023-12-22T14:38:32.087-0300] {process_utils.py:190} INFO - Successfully installed Jinja2-3.1.2 annotated-types-0.6.0 antlr4-python3-runtime-4.11.1 anyio-4.2.0 backoff-2.2.1 certifi-2023.11.17 charset-normalizer-3.3.2 click-8.1.7 cmdstanpy-1.2.0 contourpy-1.2.0 cycler-0.12.1 cython-3.0.7 deepdiff-6.7.1 deprecated-1.2.14 exceptiongroup-1.2.0 fonttools-4.47.0 googleapis-common-protos-1.62.0 h11-0.14.0 holidays-0.39 httpcore-1.0.2 httpx-0.26.0 ia-questionary-1.10.0 idna-3.6 importlib-resources-6.1.1 inflect-7.0.0 inflection-0.5.1 kiwisolver-1.4.5 markdown-it-py-3.0.0 markupsafe-2.1.2 matplotlib-3.8.2 mdurl-0.1.2 monotonic-1.6 numpy-1.26.2 opentelemetry-api-1.16.0 opentelemetry-exporter-otlp-proto-http-1.16.0 opentelemetry-proto-1.16.0 opentelemetry-sdk-1.16.0 opentelemetry-semantic-conventions-0.37b0 ordered-set-4.1.0 packaging-23.2 pandas-1.5.3 pillow-10.1.0 prompt_toolkit-3.0.36 prophet-1.1.5 protobuf-4.25.1 psycopg2-binary-2.9.9 pydantic-2.5.3 pydantic-core-2.14.6 pygments-2.17.2 pyparsing-3.1.1 python-dateutil-2.8.2 pytz-2023.3.post1 pyyaml-6.0.1 requests-2.31.0 rich-13.7.0 ruamel.yaml-0.17.40 ruamel.yaml.clib-0.2.8 scipy-1.11.4 segment-analytics-python-2.2.3 six-1.16.0 sniffio-1.3.0 soda-1.1.28 soda-freshness-0.0.5 soda-postgres-1.1.28 soda-scientific-1.1.28 sqlparse-0.4.4 stanio-0.3.0 tqdm-4.66.1 typer-0.9.0 typing-extensions-4.9.0 urllib3-2.1.0 wcwidth-0.2.12 wrapt-1.16.0
[2023-12-22T14:38:32.983-0300] {process_utils.py:182} INFO - Executing cmd: /tmp/venv6v99bdh7/bin/python /tmp/venv-calliuwb2qiq/script.py /tmp/venv-calliuwb2qiq/script.in /tmp/venv-calliuwb2qiq/script.out /tmp/venv-calliuwb2qiq/string_args.txt /tmp/venv-calliuwb2qiq/termination.log
[2023-12-22T14:38:32.984-0300] {process_utils.py:186} INFO - Output:
[2023-12-22T14:38:39.652-0300] {process_utils.py:190} INFO - Running Soda Scan ...
[2023-12-22T14:38:39.652-0300] {process_utils.py:190} INFO - INFO   | Soda Library 1.1.28
[2023-12-22T14:38:39.652-0300] {process_utils.py:190} INFO - INFO   | Soda Core 3.0.47
[2023-12-22T14:38:39.652-0300] {process_utils.py:190} INFO - DEBUG  | Reading configuration file "/home/franco/Documents/Projects/soda/soda/configuration.yml"
[2023-12-22T14:38:39.653-0300] {process_utils.py:190} INFO - DEBUG  | Reading SodaCL file "/home/franco/Documents/Projects/soda/soda/checks/transform/fact_product_category.yml"
[2023-12-22T14:38:39.653-0300] {process_utils.py:190} INFO - DEBUG  | Scan execution starts
[2023-12-22T14:38:39.653-0300] {process_utils.py:190} INFO - INFO   | By downloading and using Soda Library, you agree to Soda's Terms & Conditions (https://go.soda.io/t&c) and Privacy Policy (https://go.soda.io/privacy).
[2023-12-22T14:38:39.653-0300] {process_utils.py:190} INFO - DEBUG  | Postgres connection properties: host="localhost", port="None", database="postgres", user="postgres", options="-c search_path=public", connection_timeout="None"
[2023-12-22T14:38:39.653-0300] {process_utils.py:190} INFO - DEBUG  | Query adventureworks.fact_product_category.aggregation[0]:
[2023-12-22T14:38:39.653-0300] {process_utils.py:190} INFO - SELECT
[2023-12-22T14:38:39.653-0300] {process_utils.py:190} INFO -   COUNT(CASE WHEN category_key IS NULL THEN 1 END),
[2023-12-22T14:38:39.653-0300] {process_utils.py:190} INFO -   COUNT(CASE WHEN subcategory_key IS NULL THEN 1 END),
[2023-12-22T14:38:39.654-0300] {process_utils.py:190} INFO -   COUNT(CASE WHEN product_key IS NULL THEN 1 END)
[2023-12-22T14:38:39.654-0300] {process_utils.py:190} INFO - FROM public.fact_product_category
[2023-12-22T14:38:39.654-0300] {process_utils.py:190} INFO - DEBUG  | Query adventureworks.category_key.failed_rows[missing_count]:
[2023-12-22T14:38:39.654-0300] {process_utils.py:190} INFO - SELECT * FROM public.fact_product_category
[2023-12-22T14:38:39.654-0300] {process_utils.py:190} INFO -  WHERE category_key IS NULL
[2023-12-22T14:38:39.654-0300] {process_utils.py:190} INFO -  LIMIT 100
[2023-12-22T14:38:39.654-0300] {process_utils.py:190} INFO - INFO   | Sending failed row samples to Soda Cloud
[2023-12-22T14:38:39.654-0300] {process_utils.py:190} INFO - DEBUG  | Query adventureworks.subcategory_key.failed_rows[missing_count]:
[2023-12-22T14:38:39.654-0300] {process_utils.py:190} INFO - SELECT * FROM public.fact_product_category
[2023-12-22T14:38:39.654-0300] {process_utils.py:190} INFO -  WHERE subcategory_key IS NULL
[2023-12-22T14:38:39.655-0300] {process_utils.py:190} INFO -  LIMIT 100
[2023-12-22T14:38:39.655-0300] {process_utils.py:190} INFO - INFO   | Sending failed row samples to Soda Cloud
[2023-12-22T14:38:39.655-0300] {process_utils.py:190} INFO - INFO   | Scan summary:
[2023-12-22T14:38:39.655-0300] {process_utils.py:190} INFO - DEBUG  | 3/3 queries OK
[2023-12-22T14:38:39.655-0300] {process_utils.py:190} INFO - DEBUG  |   adventureworks.fact_product_category.aggregation[0] [OK] 0:00:00.003560
[2023-12-22T14:38:39.655-0300] {process_utils.py:190} INFO - DEBUG  |   adventureworks.category_key.failed_rows[missing_count] [OK] 0:00:01.085314
[2023-12-22T14:38:39.655-0300] {process_utils.py:190} INFO - DEBUG  |   adventureworks.subcategory_key.failed_rows[missing_count] [OK] 0:00:01.044244
[2023-12-22T14:38:39.655-0300] {process_utils.py:190} INFO - INFO   | 1/3 checks PASSED:
[2023-12-22T14:38:39.655-0300] {process_utils.py:190} INFO - INFO   |     fact_product_category in adventureworks
[2023-12-22T14:38:39.655-0300] {process_utils.py:190} INFO - INFO   |       ALl products have a key [/home/franco/Documents/Projects/soda/soda/checks/transform/fact_product_category.yml] [PASSED]
[2023-12-22T14:38:39.656-0300] {process_utils.py:190} INFO - INFO   |         check_value: 0
[2023-12-22T14:38:39.656-0300] {process_utils.py:190} INFO - INFO   | 2/3 checks WARNED:
[2023-12-22T14:38:39.656-0300] {process_utils.py:190} INFO - INFO   |     fact_product_category in adventureworks
[2023-12-22T14:38:39.656-0300] {process_utils.py:190} INFO - INFO   |       All products have a category [/home/franco/Documents/Projects/soda/soda/checks/transform/fact_product_category.yml] [WARNED]
[2023-12-22T14:38:39.656-0300] {process_utils.py:190} INFO - INFO   |         check_value: 209
[2023-12-22T14:38:39.656-0300] {process_utils.py:190} INFO - INFO   |       All products have a subcategory [/home/franco/Documents/Projects/soda/soda/checks/transform/fact_product_category.yml] [WARNED]
[2023-12-22T14:38:39.656-0300] {process_utils.py:190} INFO - INFO   |         check_value: 209
[2023-12-22T14:38:39.656-0300] {process_utils.py:190} INFO - INFO   | Only 2 warnings. 0 failures. 0 errors. 1 pass.
[2023-12-22T14:38:39.656-0300] {process_utils.py:190} INFO - INFO   | Sending results to Soda Cloud
[2023-12-22T14:38:39.657-0300] {process_utils.py:190} INFO - INFO   | Soda Cloud Trace: 9036942438937573995
[2023-12-22T14:38:39.657-0300] {process_utils.py:190} INFO - Traceback (most recent call last):
[2023-12-22T14:38:39.657-0300] {process_utils.py:190} INFO -   File "/tmp/venv-calliuwb2qiq/script.py", line 55, in <module>
[2023-12-22T14:38:39.657-0300] {process_utils.py:190} INFO -     res = run_soda_scan(*arg_dict["args"], **arg_dict["kwargs"])
[2023-12-22T14:38:39.657-0300] {process_utils.py:190} INFO -   File "/tmp/venv-calliuwb2qiq/script.py", line 50, in run_soda_scan
[2023-12-22T14:38:39.657-0300] {process_utils.py:190} INFO -     raise ValueError('Soda Scan failed')
[2023-12-22T14:38:39.657-0300] {process_utils.py:190} INFO - ValueError: Soda Scan failed
[2023-12-22T14:38:40.704-0300] {taskinstance.py:2699} ERROR - Task failed with exception
Traceback (most recent call last):
  File "/home/franco/Documents/Projects/soda/.venv/lib/python3.10/site-packages/airflow/models/taskinstance.py", line 433, in _execute_task
    result = execute_callable(context=context, **execute_callable_kwargs)
  File "/home/franco/Documents/Projects/soda/.venv/lib/python3.10/site-packages/airflow/operators/python.py", line 400, in execute
    return super().execute(context=serializable_context)
  File "/home/franco/Documents/Projects/soda/.venv/lib/python3.10/site-packages/airflow/operators/python.py", line 199, in execute
    return_value = self.execute_callable()
  File "/home/franco/Documents/Projects/soda/.venv/lib/python3.10/site-packages/airflow/operators/python.py", line 713, in execute_callable
    result = self._execute_python_callable_in_subprocess(python_path)
  File "/home/franco/Documents/Projects/soda/.venv/lib/python3.10/site-packages/airflow/operators/python.py", line 471, in _execute_python_callable_in_subprocess
    raise AirflowException(error_msg) from None
airflow.exceptions.AirflowException: Process returned non-zero exit status 1.
Soda Scan failed
[2023-12-22T14:38:40.706-0300] {taskinstance.py:1138} INFO - Marking task as UP_FOR_RETRY. dag_id=model_adventureworks_sales_category, task_id=checks_transform, execution_date=20231222T173252, start_date=20231222T173720, end_date=20231222T173840
[2023-12-22T14:38:40.851-0300] {standard_task_runner.py:107} ERROR - Failed to execute job 48 for task checks_transform (Process returned non-zero exit status 1.
Soda Scan failed; 93035)
[2023-12-22T14:38:40.887-0300] {local_task_job_runner.py:234} INFO - Task exited with return code 1
[2023-12-22T14:38:40.897-0300] {taskinstance.py:3281} INFO - 0 downstream tasks scheduled from follow-on schedule check
