[2023-12-22T14:53:37.070-0300] {taskinstance.py:1957} INFO - Dependencies all met for dep_context=non-requeueable deps ti=<TaskInstance: model_adventureworks_sales_category.dbt_transform manual__2023-12-22T17:49:01.276215+00:00 [queued]>
[2023-12-22T14:53:37.073-0300] {taskinstance.py:1957} INFO - Dependencies all met for dep_context=requeueable deps ti=<TaskInstance: model_adventureworks_sales_category.dbt_transform manual__2023-12-22T17:49:01.276215+00:00 [queued]>
[2023-12-22T14:53:37.074-0300] {taskinstance.py:2171} INFO - Starting attempt 1 of 2
[2023-12-22T14:53:37.242-0300] {taskinstance.py:2192} INFO - Executing <Task(BashOperator): dbt_transform> on 2023-12-22 17:49:01.276215+00:00
[2023-12-22T14:53:37.248-0300] {standard_task_runner.py:60} INFO - Started process 100142 to run task
[2023-12-22T14:53:37.250-0300] {standard_task_runner.py:87} INFO - Running: ['airflow', 'tasks', 'run', 'model_adventureworks_sales_category', 'dbt_transform', 'manual__2023-12-22T17:49:01.276215+00:00', '--job-id', '57', '--raw', '--subdir', 'DAGS_FOLDER/model_sales_category.py', '--cfg-path', '/tmp/tmpwabdn9qf']
[2023-12-22T14:53:37.252-0300] {standard_task_runner.py:88} INFO - Job 57: Subtask dbt_transform
[2023-12-22T14:53:37.479-0300] {task_command.py:423} INFO - Running <TaskInstance: model_adventureworks_sales_category.dbt_transform manual__2023-12-22T17:49:01.276215+00:00 [running]> on host franco-MS-7B84
[2023-12-22T14:53:37.805-0300] {taskinstance.py:2481} INFO - Exporting env vars: AIRFLOW_CTX_DAG_OWNER='soda_core' AIRFLOW_CTX_DAG_ID='model_adventureworks_sales_category' AIRFLOW_CTX_TASK_ID='dbt_transform' AIRFLOW_CTX_EXECUTION_DATE='2023-12-22T17:49:01.276215+00:00' AIRFLOW_CTX_TRY_NUMBER='1' AIRFLOW_CTX_DAG_RUN_ID='manual__2023-12-22T17:49:01.276215+00:00'
[2023-12-22T14:53:37.805-0300] {subprocess.py:63} INFO - Tmp dir root location: /tmp
[2023-12-22T14:53:37.806-0300] {subprocess.py:75} INFO - Running command: ['/usr/bin/bash', '-c', 'dbt run --project-dir /home/franco/Documents/Projects/soda/dbt/dbt_models --select transform']
[2023-12-22T14:53:37.820-0300] {subprocess.py:86} INFO - Output:
[2023-12-22T14:53:39.811-0300] {subprocess.py:93} INFO - [0m17:53:39  Running with dbt=1.7.4
[2023-12-22T14:53:40.056-0300] {subprocess.py:93} INFO - [0m17:53:40  Registered adapter: postgres=1.7.4
[2023-12-22T14:53:40.179-0300] {subprocess.py:93} INFO - [0m17:53:40  Found 3 models, 4 sources, 0 exposures, 0 metrics, 401 macros, 0 groups, 0 semantic models
[2023-12-22T14:53:40.181-0300] {subprocess.py:93} INFO - [0m17:53:40
[2023-12-22T14:53:40.296-0300] {subprocess.py:93} INFO - [0m17:53:40  Concurrency: 1 threads (target='dev')
[2023-12-22T14:53:40.297-0300] {subprocess.py:93} INFO - [0m17:53:40
[2023-12-22T14:53:40.300-0300] {subprocess.py:93} INFO - [0m17:53:40  1 of 1 START sql view model public.fact_product_category ....................... [RUN]
[2023-12-22T14:53:40.522-0300] {subprocess.py:93} INFO - [0m17:53:40  1 of 1 OK created sql view model public.fact_product_category .................. [[32mCREATE VIEW[0m in 0.22s]
[2023-12-22T14:53:40.544-0300] {subprocess.py:93} INFO - [0m17:53:40
[2023-12-22T14:53:40.544-0300] {subprocess.py:93} INFO - [0m17:53:40  Finished running 1 view model in 0 hours 0 minutes and 0.36 seconds (0.36s).
[2023-12-22T14:53:40.558-0300] {subprocess.py:93} INFO - [0m17:53:40
[2023-12-22T14:53:40.559-0300] {subprocess.py:93} INFO - [0m17:53:40  [32mCompleted successfully[0m
[2023-12-22T14:53:40.559-0300] {subprocess.py:93} INFO - [0m17:53:40
[2023-12-22T14:53:40.560-0300] {subprocess.py:93} INFO - [0m17:53:40  Done. PASS=1 WARN=0 ERROR=0 SKIP=0 TOTAL=1
[2023-12-22T14:53:41.739-0300] {subprocess.py:97} INFO - Command exited with return code 0
[2023-12-22T14:53:41.849-0300] {taskinstance.py:1138} INFO - Marking task as SUCCESS. dag_id=model_adventureworks_sales_category, task_id=dbt_transform, execution_date=20231222T174901, start_date=20231222T175337, end_date=20231222T175341
[2023-12-22T14:53:42.033-0300] {local_task_job_runner.py:234} INFO - Task exited with return code 0
[2023-12-22T14:53:42.385-0300] {taskinstance.py:3281} INFO - 1 downstream tasks scheduled from follow-on schedule check
