[2023-12-22T14:27:23.981-0300] {taskinstance.py:1957} INFO - Dependencies all met for dep_context=non-requeueable deps ti=<TaskInstance: model_adventureworks_sales_category.dbt_transform scheduled__2023-12-21T00:00:00+00:00 [queued]>
[2023-12-22T14:27:23.988-0300] {taskinstance.py:1957} INFO - Dependencies all met for dep_context=requeueable deps ti=<TaskInstance: model_adventureworks_sales_category.dbt_transform scheduled__2023-12-21T00:00:00+00:00 [queued]>
[2023-12-22T14:27:23.988-0300] {taskinstance.py:2171} INFO - Starting attempt 1 of 2
[2023-12-22T14:27:24.170-0300] {taskinstance.py:2192} INFO - Executing <Task(BashOperator): dbt_transform> on 2023-12-21 00:00:00+00:00
[2023-12-22T14:27:24.174-0300] {standard_task_runner.py:60} INFO - Started process 89011 to run task
[2023-12-22T14:27:24.177-0300] {standard_task_runner.py:87} INFO - Running: ['airflow', 'tasks', 'run', 'model_adventureworks_sales_category', 'dbt_transform', 'scheduled__2023-12-21T00:00:00+00:00', '--job-id', '41', '--raw', '--subdir', 'DAGS_FOLDER/model_sales_category.py', '--cfg-path', '/tmp/tmpjv539fdz']
[2023-12-22T14:27:24.179-0300] {standard_task_runner.py:88} INFO - Job 41: Subtask dbt_transform
[2023-12-22T14:27:24.407-0300] {task_command.py:423} INFO - Running <TaskInstance: model_adventureworks_sales_category.dbt_transform scheduled__2023-12-21T00:00:00+00:00 [running]> on host franco-MS-7B84
[2023-12-22T14:27:24.740-0300] {taskinstance.py:2481} INFO - Exporting env vars: AIRFLOW_CTX_DAG_OWNER='soda_core' AIRFLOW_CTX_DAG_ID='model_adventureworks_sales_category' AIRFLOW_CTX_TASK_ID='dbt_transform' AIRFLOW_CTX_EXECUTION_DATE='2023-12-21T00:00:00+00:00' AIRFLOW_CTX_TRY_NUMBER='1' AIRFLOW_CTX_DAG_RUN_ID='scheduled__2023-12-21T00:00:00+00:00'
[2023-12-22T14:27:24.741-0300] {subprocess.py:63} INFO - Tmp dir root location: /tmp
[2023-12-22T14:27:24.741-0300] {subprocess.py:75} INFO - Running command: ['/usr/bin/bash', '-c', 'dbt run --project-dir /home/franco/Documents/Projects/soda/dbt/dbt_models --select transform']
[2023-12-22T14:27:24.754-0300] {subprocess.py:86} INFO - Output:
[2023-12-22T14:27:26.394-0300] {subprocess.py:93} INFO - [0m17:27:26  Running with dbt=1.7.4
[2023-12-22T14:27:26.603-0300] {subprocess.py:93} INFO - [0m17:27:26  Registered adapter: postgres=1.7.4
[2023-12-22T14:27:26.959-0300] {subprocess.py:93} INFO - [0m17:27:26  Found 3 models, 4 sources, 0 exposures, 0 metrics, 401 macros, 0 groups, 0 semantic models
[2023-12-22T14:27:26.960-0300] {subprocess.py:93} INFO - [0m17:27:26
[2023-12-22T14:27:27.063-0300] {subprocess.py:93} INFO - [0m17:27:27  Concurrency: 1 threads (target='dev')
[2023-12-22T14:27:27.063-0300] {subprocess.py:93} INFO - [0m17:27:27
[2023-12-22T14:27:27.066-0300] {subprocess.py:93} INFO - [0m17:27:27  1 of 1 START sql view model public.fact_product_category ....................... [RUN]
[2023-12-22T14:27:27.313-0300] {subprocess.py:93} INFO - [0m17:27:27  1 of 1 OK created sql view model public.fact_product_category .................. [[32mCREATE VIEW[0m in 0.25s]
[2023-12-22T14:27:27.326-0300] {subprocess.py:93} INFO - [0m17:27:27
[2023-12-22T14:27:27.326-0300] {subprocess.py:93} INFO - [0m17:27:27  Finished running 1 view model in 0 hours 0 minutes and 0.36 seconds (0.36s).
[2023-12-22T14:27:27.333-0300] {subprocess.py:93} INFO - [0m17:27:27
[2023-12-22T14:27:27.333-0300] {subprocess.py:93} INFO - [0m17:27:27  [32mCompleted successfully[0m
[2023-12-22T14:27:27.333-0300] {subprocess.py:93} INFO - [0m17:27:27
[2023-12-22T14:27:27.334-0300] {subprocess.py:93} INFO - [0m17:27:27  Done. PASS=1 WARN=0 ERROR=0 SKIP=0 TOTAL=1
[2023-12-22T14:27:28.217-0300] {subprocess.py:97} INFO - Command exited with return code 0
[2023-12-22T14:27:28.322-0300] {taskinstance.py:1138} INFO - Marking task as SUCCESS. dag_id=model_adventureworks_sales_category, task_id=dbt_transform, execution_date=20231221T000000, start_date=20231222T172723, end_date=20231222T172728
[2023-12-22T14:27:28.516-0300] {local_task_job_runner.py:234} INFO - Task exited with return code 0
[2023-12-22T14:27:28.529-0300] {taskinstance.py:3281} INFO - 1 downstream tasks scheduled from follow-on schedule check
[2023-12-22T14:35:44.658-0300] {taskinstance.py:1957} INFO - Dependencies all met for dep_context=non-requeueable deps ti=<TaskInstance: model_adventureworks_sales_category.dbt_transform scheduled__2023-12-21T00:00:00+00:00 [queued]>
[2023-12-22T14:35:44.679-0300] {taskinstance.py:1957} INFO - Dependencies all met for dep_context=requeueable deps ti=<TaskInstance: model_adventureworks_sales_category.dbt_transform scheduled__2023-12-21T00:00:00+00:00 [queued]>
[2023-12-22T14:35:44.679-0300] {taskinstance.py:2171} INFO - Starting attempt 1 of 2
[2023-12-22T14:35:44.848-0300] {taskinstance.py:2192} INFO - Executing <Task(BashOperator): dbt_transform> on 2023-12-21 00:00:00+00:00
[2023-12-22T14:35:44.854-0300] {standard_task_runner.py:60} INFO - Started process 92315 to run task
[2023-12-22T14:35:44.856-0300] {standard_task_runner.py:87} INFO - Running: ['airflow', 'tasks', 'run', 'model_adventureworks_sales_category', 'dbt_transform', 'scheduled__2023-12-21T00:00:00+00:00', '--job-id', '45', '--raw', '--subdir', 'DAGS_FOLDER/model_sales_category.py', '--cfg-path', '/tmp/tmpqxyktetq']
[2023-12-22T14:35:44.858-0300] {standard_task_runner.py:88} INFO - Job 45: Subtask dbt_transform
[2023-12-22T14:35:45.085-0300] {task_command.py:423} INFO - Running <TaskInstance: model_adventureworks_sales_category.dbt_transform scheduled__2023-12-21T00:00:00+00:00 [running]> on host franco-MS-7B84
[2023-12-22T14:35:45.406-0300] {taskinstance.py:2481} INFO - Exporting env vars: AIRFLOW_CTX_DAG_OWNER='soda_core' AIRFLOW_CTX_DAG_ID='model_adventureworks_sales_category' AIRFLOW_CTX_TASK_ID='dbt_transform' AIRFLOW_CTX_EXECUTION_DATE='2023-12-21T00:00:00+00:00' AIRFLOW_CTX_TRY_NUMBER='1' AIRFLOW_CTX_DAG_RUN_ID='scheduled__2023-12-21T00:00:00+00:00'
[2023-12-22T14:35:45.407-0300] {subprocess.py:63} INFO - Tmp dir root location: /tmp
[2023-12-22T14:35:45.407-0300] {subprocess.py:75} INFO - Running command: ['/usr/bin/bash', '-c', 'dbt run --project-dir /home/franco/Documents/Projects/soda/dbt/dbt_models --select transform']
[2023-12-22T14:35:45.421-0300] {subprocess.py:86} INFO - Output:
[2023-12-22T14:35:47.109-0300] {subprocess.py:93} INFO - [0m17:35:47  Running with dbt=1.7.4
[2023-12-22T14:35:47.315-0300] {subprocess.py:93} INFO - [0m17:35:47  Registered adapter: postgres=1.7.4
[2023-12-22T14:35:47.398-0300] {subprocess.py:93} INFO - [0m17:35:47  Found 3 models, 4 sources, 0 exposures, 0 metrics, 401 macros, 0 groups, 0 semantic models
[2023-12-22T14:35:47.399-0300] {subprocess.py:93} INFO - [0m17:35:47
[2023-12-22T14:35:47.497-0300] {subprocess.py:93} INFO - [0m17:35:47  Concurrency: 1 threads (target='dev')
[2023-12-22T14:35:47.498-0300] {subprocess.py:93} INFO - [0m17:35:47
[2023-12-22T14:35:47.500-0300] {subprocess.py:93} INFO - [0m17:35:47  1 of 1 START sql view model public.fact_product_category ....................... [RUN]
[2023-12-22T14:35:47.680-0300] {subprocess.py:93} INFO - [0m17:35:47  1 of 1 OK created sql view model public.fact_product_category .................. [[32mCREATE VIEW[0m in 0.18s]
[2023-12-22T14:35:47.694-0300] {subprocess.py:93} INFO - [0m17:35:47
[2023-12-22T14:35:47.695-0300] {subprocess.py:93} INFO - [0m17:35:47  Finished running 1 view model in 0 hours 0 minutes and 0.29 seconds (0.29s).
[2023-12-22T14:35:47.708-0300] {subprocess.py:93} INFO - [0m17:35:47
[2023-12-22T14:35:47.709-0300] {subprocess.py:93} INFO - [0m17:35:47  [32mCompleted successfully[0m
[2023-12-22T14:35:47.710-0300] {subprocess.py:93} INFO - [0m17:35:47
[2023-12-22T14:35:47.711-0300] {subprocess.py:93} INFO - [0m17:35:47  Done. PASS=1 WARN=0 ERROR=0 SKIP=0 TOTAL=1
[2023-12-22T14:35:48.608-0300] {subprocess.py:97} INFO - Command exited with return code 0
[2023-12-22T14:35:48.697-0300] {taskinstance.py:1138} INFO - Marking task as SUCCESS. dag_id=model_adventureworks_sales_category, task_id=dbt_transform, execution_date=20231221T000000, start_date=20231222T173544, end_date=20231222T173548
[2023-12-22T14:35:48.877-0300] {local_task_job_runner.py:234} INFO - Task exited with return code 0
[2023-12-22T14:35:49.221-0300] {taskinstance.py:3281} INFO - 1 downstream tasks scheduled from follow-on schedule check
[2023-12-22T14:50:27.105-0300] {taskinstance.py:1957} INFO - Dependencies all met for dep_context=non-requeueable deps ti=<TaskInstance: model_adventureworks_sales_category.dbt_transform scheduled__2023-12-21T00:00:00+00:00 [queued]>
[2023-12-22T14:50:27.139-0300] {taskinstance.py:1957} INFO - Dependencies all met for dep_context=requeueable deps ti=<TaskInstance: model_adventureworks_sales_category.dbt_transform scheduled__2023-12-21T00:00:00+00:00 [queued]>
[2023-12-22T14:50:27.140-0300] {taskinstance.py:2171} INFO - Starting attempt 1 of 2
[2023-12-22T14:50:27.318-0300] {taskinstance.py:2192} INFO - Executing <Task(BashOperator): dbt_transform> on 2023-12-21 00:00:00+00:00
[2023-12-22T14:50:27.324-0300] {standard_task_runner.py:60} INFO - Started process 98616 to run task
[2023-12-22T14:50:27.327-0300] {standard_task_runner.py:87} INFO - Running: ['airflow', 'tasks', 'run', 'model_adventureworks_sales_category', 'dbt_transform', 'scheduled__2023-12-21T00:00:00+00:00', '--job-id', '54', '--raw', '--subdir', 'DAGS_FOLDER/model_sales_category.py', '--cfg-path', '/tmp/tmp6t_27hkm']
[2023-12-22T14:50:27.329-0300] {standard_task_runner.py:88} INFO - Job 54: Subtask dbt_transform
[2023-12-22T14:50:27.477-0300] {task_command.py:423} INFO - Running <TaskInstance: model_adventureworks_sales_category.dbt_transform scheduled__2023-12-21T00:00:00+00:00 [running]> on host franco-MS-7B84
[2023-12-22T14:50:27.823-0300] {taskinstance.py:2481} INFO - Exporting env vars: AIRFLOW_CTX_DAG_OWNER='soda_core' AIRFLOW_CTX_DAG_ID='model_adventureworks_sales_category' AIRFLOW_CTX_TASK_ID='dbt_transform' AIRFLOW_CTX_EXECUTION_DATE='2023-12-21T00:00:00+00:00' AIRFLOW_CTX_TRY_NUMBER='1' AIRFLOW_CTX_DAG_RUN_ID='scheduled__2023-12-21T00:00:00+00:00'
[2023-12-22T14:50:27.824-0300] {subprocess.py:63} INFO - Tmp dir root location: /tmp
[2023-12-22T14:50:27.824-0300] {subprocess.py:75} INFO - Running command: ['/usr/bin/bash', '-c', 'dbt run --project-dir /home/franco/Documents/Projects/soda/dbt/dbt_models --select transform']
[2023-12-22T14:50:27.837-0300] {subprocess.py:86} INFO - Output:
[2023-12-22T14:50:29.695-0300] {subprocess.py:93} INFO - [0m17:50:29  Running with dbt=1.7.4
[2023-12-22T14:50:29.922-0300] {subprocess.py:93} INFO - [0m17:50:29  Registered adapter: postgres=1.7.4
[2023-12-22T14:50:30.043-0300] {subprocess.py:93} INFO - [0m17:50:30  Found 3 models, 4 sources, 0 exposures, 0 metrics, 401 macros, 0 groups, 0 semantic models
[2023-12-22T14:50:30.044-0300] {subprocess.py:93} INFO - [0m17:50:30
[2023-12-22T14:50:30.153-0300] {subprocess.py:93} INFO - [0m17:50:30  Concurrency: 1 threads (target='dev')
[2023-12-22T14:50:30.154-0300] {subprocess.py:93} INFO - [0m17:50:30
[2023-12-22T14:50:30.157-0300] {subprocess.py:93} INFO - [0m17:50:30  1 of 1 START sql view model public.fact_product_category ....................... [RUN]
[2023-12-22T14:50:30.958-0300] {subprocess.py:93} INFO - [0m17:50:30  1 of 1 OK created sql view model public.fact_product_category .................. [[32mCREATE VIEW[0m in 0.80s]
[2023-12-22T14:50:30.972-0300] {subprocess.py:93} INFO - [0m17:50:30
[2023-12-22T14:50:30.972-0300] {subprocess.py:93} INFO - [0m17:50:30  Finished running 1 view model in 0 hours 0 minutes and 0.93 seconds (0.93s).
[2023-12-22T14:50:30.980-0300] {subprocess.py:93} INFO - [0m17:50:30
[2023-12-22T14:50:30.980-0300] {subprocess.py:93} INFO - [0m17:50:30  [32mCompleted successfully[0m
[2023-12-22T14:50:30.981-0300] {subprocess.py:93} INFO - [0m17:50:30
[2023-12-22T14:50:30.981-0300] {subprocess.py:93} INFO - [0m17:50:30  Done. PASS=1 WARN=0 ERROR=0 SKIP=0 TOTAL=1
[2023-12-22T14:50:31.913-0300] {subprocess.py:97} INFO - Command exited with return code 0
[2023-12-22T14:50:32.013-0300] {taskinstance.py:1138} INFO - Marking task as SUCCESS. dag_id=model_adventureworks_sales_category, task_id=dbt_transform, execution_date=20231221T000000, start_date=20231222T175027, end_date=20231222T175032
[2023-12-22T14:50:32.231-0300] {local_task_job_runner.py:234} INFO - Task exited with return code 0
[2023-12-22T14:50:32.244-0300] {taskinstance.py:3281} INFO - 1 downstream tasks scheduled from follow-on schedule check
