[2023-12-22T14:16:28.839-0300] {taskinstance.py:1957} INFO - Dependencies all met for dep_context=non-requeueable deps ti=<TaskInstance: model_adventureworks_sales_category.checks_ingest manual__2023-12-22T17:16:07.486649+00:00 [queued]>
[2023-12-22T14:16:28.845-0300] {taskinstance.py:1957} INFO - Dependencies all met for dep_context=requeueable deps ti=<TaskInstance: model_adventureworks_sales_category.checks_ingest manual__2023-12-22T17:16:07.486649+00:00 [queued]>
[2023-12-22T14:16:28.846-0300] {taskinstance.py:2171} INFO - Starting attempt 1 of 2
[2023-12-22T14:16:29.016-0300] {taskinstance.py:2192} INFO - Executing <Task(PythonVirtualenvOperator): checks_ingest> on 2023-12-22 17:16:07.486649+00:00
[2023-12-22T14:16:29.020-0300] {standard_task_runner.py:60} INFO - Started process 84532 to run task
[2023-12-22T14:16:29.022-0300] {standard_task_runner.py:87} INFO - Running: ['airflow', 'tasks', 'run', 'model_adventureworks_sales_category', 'checks_ingest', 'manual__2023-12-22T17:16:07.486649+00:00', '--job-id', '39', '--raw', '--subdir', 'DAGS_FOLDER/model_sales_category.py', '--cfg-path', '/tmp/tmpwenelaui']
[2023-12-22T14:16:29.024-0300] {standard_task_runner.py:88} INFO - Job 39: Subtask checks_ingest
[2023-12-22T14:16:29.272-0300] {task_command.py:423} INFO - Running <TaskInstance: model_adventureworks_sales_category.checks_ingest manual__2023-12-22T17:16:07.486649+00:00 [running]> on host franco-MS-7B84
[2023-12-22T14:16:29.639-0300] {taskinstance.py:2481} INFO - Exporting env vars: AIRFLOW_CTX_DAG_OWNER='soda_core' AIRFLOW_CTX_DAG_ID='model_adventureworks_sales_category' AIRFLOW_CTX_TASK_ID='checks_ingest' AIRFLOW_CTX_EXECUTION_DATE='2023-12-22T17:16:07.486649+00:00' AIRFLOW_CTX_TRY_NUMBER='1' AIRFLOW_CTX_DAG_RUN_ID='manual__2023-12-22T17:16:07.486649+00:00'
[2023-12-22T14:16:29.641-0300] {process_utils.py:182} INFO - Executing cmd: /home/franco/Documents/Projects/soda/.venv/bin/python -m virtualenv /tmp/venvv586np6l --python=python
[2023-12-22T14:16:29.641-0300] {process_utils.py:186} INFO - Output:
[2023-12-22T14:16:29.818-0300] {process_utils.py:190} INFO - created virtual environment CPython3.10.12.final.0-64 in 115ms
[2023-12-22T14:16:29.819-0300] {process_utils.py:190} INFO -   creator CPython3Posix(dest=/tmp/venvv586np6l, clear=False, no_vcs_ignore=False, global=False)
[2023-12-22T14:16:29.819-0300] {process_utils.py:190} INFO -   seeder FromAppData(download=False, pip=bundle, setuptools=bundle, wheel=bundle, via=copy, app_data_dir=/home/franco/.local/share/virtualenv)
[2023-12-22T14:16:29.819-0300] {process_utils.py:190} INFO -     added seed packages: pip==23.3.2, setuptools==69.0.2, wheel==0.42.0
[2023-12-22T14:16:29.819-0300] {process_utils.py:190} INFO -   activators BashActivator,CShellActivator,FishActivator,NushellActivator,PowerShellActivator,PythonActivator
[2023-12-22T14:16:29.830-0300] {process_utils.py:182} INFO - Executing cmd: /tmp/venvv586np6l/bin/pip install -r /tmp/venvv586np6l/requirements.txt
[2023-12-22T14:16:29.830-0300] {process_utils.py:186} INFO - Output:
[2023-12-22T14:16:30.491-0300] {process_utils.py:190} INFO - Looking in indexes: https://pypi.cloud.soda.io
[2023-12-22T14:16:32.112-0300] {process_utils.py:190} INFO - Collecting soda-postgres (from -r /tmp/venvv586np6l/requirements.txt (line 2))
[2023-12-22T14:16:32.361-0300] {process_utils.py:190} INFO -   Downloading https://pypi.cloud.soda.io/packages/soda_postgres-1.1.28-py3-none-any.whl (5.2 kB)
[2023-12-22T14:16:32.862-0300] {process_utils.py:190} INFO - Collecting soda-scientific (from -r /tmp/venvv586np6l/requirements.txt (line 3))
[2023-12-22T14:16:33.117-0300] {process_utils.py:190} INFO -   Downloading https://pypi.cloud.soda.io/packages/soda_scientific-1.1.28-py3-none-any.whl (21 kB)
[2023-12-22T14:16:33.612-0300] {process_utils.py:190} INFO - Collecting soda==1.1.28 (from soda-postgres->-r /tmp/venvv586np6l/requirements.txt (line 2))
[2023-12-22T14:16:33.844-0300] {process_utils.py:190} INFO -   Downloading https://pypi.cloud.soda.io/packages/soda-1.1.28-py3-none-any.whl (246 kB)
[2023-12-22T14:16:34.615-0300] {process_utils.py:190} INFO -      ━━━━━━━━━━━━━━━━━━━━━━━━━━━━━━━━━━━━━━━━ 246.7/246.7 kB 307.8 kB/s eta 0:00:00
[2023-12-22T14:16:35.488-0300] {process_utils.py:190} INFO - Collecting psycopg2-binary<3.0,>=2.8.5 (from soda-postgres->-r /tmp/venvv586np6l/requirements.txt (line 2))
[2023-12-22T14:16:35.499-0300] {process_utils.py:190} INFO -   Using cached psycopg2_binary-2.9.9-cp310-cp310-manylinux_2_17_x86_64.manylinux2014_x86_64.whl.metadata (4.4 kB)
[2023-12-22T14:16:36.085-0300] {process_utils.py:190} INFO - Collecting markupsafe<=2.1.2,>=2.0.1 (from soda==1.1.28->soda-postgres->-r /tmp/venvv586np6l/requirements.txt (line 2))
[2023-12-22T14:16:36.087-0300] {process_utils.py:190} INFO -   Using cached MarkupSafe-2.1.2-cp310-cp310-manylinux_2_17_x86_64.manylinux2014_x86_64.whl (25 kB)
[2023-12-22T14:16:36.650-0300] {process_utils.py:190} INFO - Collecting Jinja2<4.0,>=2.11 (from soda==1.1.28->soda-postgres->-r /tmp/venvv586np6l/requirements.txt (line 2))
[2023-12-22T14:16:36.652-0300] {process_utils.py:190} INFO -   Using cached Jinja2-3.1.2-py3-none-any.whl (133 kB)
[2023-12-22T14:16:37.204-0300] {process_utils.py:190} INFO - Collecting click~=8.0 (from soda==1.1.28->soda-postgres->-r /tmp/venvv586np6l/requirements.txt (line 2))
[2023-12-22T14:16:37.206-0300] {process_utils.py:190} INFO -   Using cached click-8.1.7-py3-none-any.whl.metadata (3.0 kB)
[2023-12-22T14:16:38.189-0300] {process_utils.py:190} INFO - Collecting ruamel.yaml<0.18.0,>=0.17.0 (from soda==1.1.28->soda-postgres->-r /tmp/venvv586np6l/requirements.txt (line 2))
[2023-12-22T14:16:38.220-0300] {process_utils.py:190} INFO -   Using cached ruamel.yaml-0.17.40-py3-none-any.whl.metadata (19 kB)
[2023-12-22T14:16:38.772-0300] {process_utils.py:190} INFO - Collecting requests~=2.28 (from soda==1.1.28->soda-postgres->-r /tmp/venvv586np6l/requirements.txt (line 2))
[2023-12-22T14:16:38.774-0300] {process_utils.py:190} INFO -   Using cached requests-2.31.0-py3-none-any.whl.metadata (4.6 kB)
[2023-12-22T14:16:39.317-0300] {process_utils.py:190} INFO - Collecting antlr4-python3-runtime~=4.11.1 (from soda==1.1.28->soda-postgres->-r /tmp/venvv586np6l/requirements.txt (line 2))
[2023-12-22T14:16:39.344-0300] {process_utils.py:190} INFO -   Using cached antlr4_python3_runtime-4.11.1-py3-none-any.whl (144 kB)
[2023-12-22T14:16:39.950-0300] {process_utils.py:190} INFO - Collecting opentelemetry-api~=1.16.0 (from soda==1.1.28->soda-postgres->-r /tmp/venvv586np6l/requirements.txt (line 2))
[2023-12-22T14:16:39.952-0300] {process_utils.py:190} INFO -   Using cached opentelemetry_api-1.16.0-py3-none-any.whl (57 kB)
[2023-12-22T14:16:40.645-0300] {process_utils.py:190} INFO - Collecting opentelemetry-exporter-otlp-proto-http~=1.16.0 (from soda==1.1.28->soda-postgres->-r /tmp/venvv586np6l/requirements.txt (line 2))
[2023-12-22T14:16:40.648-0300] {process_utils.py:190} INFO -   Using cached opentelemetry_exporter_otlp_proto_http-1.16.0-py3-none-any.whl (21 kB)
[2023-12-22T14:16:41.290-0300] {process_utils.py:190} INFO - Collecting sqlparse~=0.4 (from soda==1.1.28->soda-postgres->-r /tmp/venvv586np6l/requirements.txt (line 2))
[2023-12-22T14:16:41.292-0300] {process_utils.py:190} INFO -   Using cached sqlparse-0.4.4-py3-none-any.whl (41 kB)
[2023-12-22T14:16:41.865-0300] {process_utils.py:190} INFO - Collecting inflect~=7.0 (from soda==1.1.28->soda-postgres->-r /tmp/venvv586np6l/requirements.txt (line 2))
[2023-12-22T14:16:41.866-0300] {process_utils.py:190} INFO -   Using cached inflect-7.0.0-py3-none-any.whl.metadata (21 kB)
[2023-12-22T14:16:42.351-0300] {process_utils.py:190} INFO - Collecting soda-freshness<1.0.0,>=0.0.5 (from soda==1.1.28->soda-postgres->-r /tmp/venvv586np6l/requirements.txt (line 2))
[2023-12-22T14:16:42.582-0300] {process_utils.py:190} INFO -   Downloading https://pypi.cloud.soda.io/packages/soda_freshness-0.0.5-py3-none-any.whl (4.3 kB)
[2023-12-22T14:16:43.074-0300] {process_utils.py:190} INFO - Collecting ia-questionary (from soda==1.1.28->soda-postgres->-r /tmp/venvv586np6l/requirements.txt (line 2))
[2023-12-22T14:16:43.306-0300] {process_utils.py:190} INFO -   Downloading https://pypi.cloud.soda.io/packages/ia_questionary-1.10.0-py3-none-any.whl (35 kB)
[2023-12-22T14:16:44.192-0300] {process_utils.py:190} INFO - Collecting rich<14.0.0,>=13.3.3 (from soda==1.1.28->soda-postgres->-r /tmp/venvv586np6l/requirements.txt (line 2))
[2023-12-22T14:16:44.193-0300] {process_utils.py:190} INFO -   Using cached rich-13.7.0-py3-none-any.whl.metadata (18 kB)
[2023-12-22T14:16:44.804-0300] {process_utils.py:190} INFO - Collecting typer<1.0.0,>=0.7.0 (from soda==1.1.28->soda-postgres->-r /tmp/venvv586np6l/requirements.txt (line 2))
[2023-12-22T14:16:44.807-0300] {process_utils.py:190} INFO -   Using cached typer-0.9.0-py3-none-any.whl (45 kB)
[2023-12-22T14:16:45.661-0300] {process_utils.py:190} INFO - Collecting pydantic<3.0.0,>=2.0.0 (from soda==1.1.28->soda-postgres->-r /tmp/venvv586np6l/requirements.txt (line 2))
[2023-12-22T14:16:50.740-0300] {process_utils.py:190} INFO -   Downloading pydantic-2.5.3-py3-none-any.whl.metadata (65 kB)
[2023-12-22T14:16:50.831-0300] {process_utils.py:190} INFO -      ━━━━━━━━━━━━━━━━━━━━━━━━━━━━━━━━━━━━━━━━ 65.6/65.6 kB 623.2 kB/s eta 0:00:00
[2023-12-22T14:16:51.483-0300] {process_utils.py:190} INFO - Collecting pyyaml<7.0.0,>=5.4.1 (from soda==1.1.28->soda-postgres->-r /tmp/venvv586np6l/requirements.txt (line 2))
[2023-12-22T14:16:51.528-0300] {process_utils.py:190} INFO -   Using cached PyYAML-6.0.1-cp310-cp310-manylinux_2_17_x86_64.manylinux2014_x86_64.whl.metadata (2.1 kB)
[2023-12-22T14:16:52.530-0300] {process_utils.py:190} INFO - Collecting segment-analytics-python<3.0.0 (from soda==1.1.28->soda-postgres->-r /tmp/venvv586np6l/requirements.txt (line 2))
[2023-12-22T14:16:52.553-0300] {process_utils.py:190} INFO -   Using cached segment_analytics_python-2.2.3-py2.py3-none-any.whl.metadata (1.6 kB)
[2023-12-22T14:16:53.515-0300] {process_utils.py:190} INFO - Collecting pandas<2.0.0,>=1.3.5 (from soda==1.1.28->soda-postgres->-r /tmp/venvv586np6l/requirements.txt (line 2))
[2023-12-22T14:16:53.548-0300] {process_utils.py:190} INFO -   Using cached pandas-1.5.3-cp310-cp310-manylinux_2_17_x86_64.manylinux2014_x86_64.whl (12.1 MB)
[2023-12-22T14:16:55.619-0300] {process_utils.py:190} INFO - Collecting deepdiff~=6.3 (from soda==1.1.28->soda-postgres->-r /tmp/venvv586np6l/requirements.txt (line 2))
[2023-12-22T14:16:55.693-0300] {process_utils.py:190} INFO -   Using cached deepdiff-6.7.1-py3-none-any.whl.metadata (6.1 kB)
[2023-12-22T14:16:55.729-0300] {process_utils.py:190} INFO - Requirement already satisfied: wheel in /tmp/venvv586np6l/lib/python3.10/site-packages (from soda-scientific->-r /tmp/venvv586np6l/requirements.txt (line 3)) (0.42.0)
[2023-12-22T14:16:56.808-0300] {process_utils.py:190} INFO - Collecting scipy>=1.8.0 (from soda-scientific->-r /tmp/venvv586np6l/requirements.txt (line 3))
[2023-12-22T14:16:56.868-0300] {process_utils.py:190} INFO -   Using cached scipy-1.11.4-cp310-cp310-manylinux_2_17_x86_64.manylinux2014_x86_64.whl.metadata (60 kB)
[2023-12-22T14:16:57.804-0300] {process_utils.py:190} INFO - Collecting numpy<2.0.0,>=1.23.3 (from soda-scientific->-r /tmp/venvv586np6l/requirements.txt (line 3))
[2023-12-22T14:16:57.867-0300] {process_utils.py:190} INFO -   Using cached numpy-1.26.2-cp310-cp310-manylinux_2_17_x86_64.manylinux2014_x86_64.whl.metadata (61 kB)
[2023-12-22T14:16:58.765-0300] {process_utils.py:190} INFO - Collecting inflection==0.5.1 (from soda-scientific->-r /tmp/venvv586np6l/requirements.txt (line 3))
[2023-12-22T14:16:58.785-0300] {process_utils.py:190} INFO -   Using cached inflection-0.5.1-py2.py3-none-any.whl (9.5 kB)
[2023-12-22T14:16:59.444-0300] {process_utils.py:190} INFO - Collecting httpx<2.0.0,>=0.18.1 (from soda-scientific->-r /tmp/venvv586np6l/requirements.txt (line 3))
[2023-12-22T14:16:59.493-0300] {process_utils.py:190} INFO -   Using cached httpx-0.26.0-py3-none-any.whl.metadata (7.6 kB)
[2023-12-22T14:17:00.356-0300] {process_utils.py:190} INFO - Collecting cython>=0.22 (from soda-scientific->-r /tmp/venvv586np6l/requirements.txt (line 3))
[2023-12-22T14:17:00.393-0300] {process_utils.py:190} INFO -   Using cached Cython-3.0.7-cp310-cp310-manylinux_2_17_x86_64.manylinux2014_x86_64.whl.metadata (3.2 kB)
[2023-12-22T14:17:01.573-0300] {process_utils.py:190} INFO - Collecting prophet<2.0.0,>=1.1.0 (from soda-scientific->-r /tmp/venvv586np6l/requirements.txt (line 3))
[2023-12-22T14:17:01.818-0300] {process_utils.py:190} INFO -   Using cached prophet-1.1.5-py3-none-manylinux_2_17_x86_64.manylinux2014_x86_64.whl.metadata (3.5 kB)
[2023-12-22T14:17:02.747-0300] {process_utils.py:190} INFO - Collecting anyio (from httpx<2.0.0,>=0.18.1->soda-scientific->-r /tmp/venvv586np6l/requirements.txt (line 3))
[2023-12-22T14:17:02.757-0300] {process_utils.py:190} INFO -   Using cached anyio-4.2.0-py3-none-any.whl.metadata (4.6 kB)
[2023-12-22T14:17:03.314-0300] {process_utils.py:190} INFO - Collecting certifi (from httpx<2.0.0,>=0.18.1->soda-scientific->-r /tmp/venvv586np6l/requirements.txt (line 3))
[2023-12-22T14:17:03.316-0300] {process_utils.py:190} INFO -   Using cached certifi-2023.11.17-py3-none-any.whl.metadata (2.2 kB)
[2023-12-22T14:17:03.878-0300] {process_utils.py:190} INFO - Collecting httpcore==1.* (from httpx<2.0.0,>=0.18.1->soda-scientific->-r /tmp/venvv586np6l/requirements.txt (line 3))
[2023-12-22T14:17:03.889-0300] {process_utils.py:190} INFO -   Using cached httpcore-1.0.2-py3-none-any.whl.metadata (20 kB)
[2023-12-22T14:17:04.490-0300] {process_utils.py:190} INFO - Collecting idna (from httpx<2.0.0,>=0.18.1->soda-scientific->-r /tmp/venvv586np6l/requirements.txt (line 3))
[2023-12-22T14:17:04.535-0300] {process_utils.py:190} INFO -   Using cached idna-3.6-py3-none-any.whl.metadata (9.9 kB)
[2023-12-22T14:17:05.062-0300] {process_utils.py:190} INFO - Collecting sniffio (from httpx<2.0.0,>=0.18.1->soda-scientific->-r /tmp/venvv586np6l/requirements.txt (line 3))
[2023-12-22T14:17:05.063-0300] {process_utils.py:190} INFO -   Using cached sniffio-1.3.0-py3-none-any.whl (10 kB)
[2023-12-22T14:17:05.581-0300] {process_utils.py:190} INFO - Collecting h11<0.15,>=0.13 (from httpcore==1.*->httpx<2.0.0,>=0.18.1->soda-scientific->-r /tmp/venvv586np6l/requirements.txt (line 3))
[2023-12-22T14:17:05.582-0300] {process_utils.py:190} INFO -   Using cached h11-0.14.0-py3-none-any.whl (58 kB)
[2023-12-22T14:17:06.166-0300] {process_utils.py:190} INFO - Collecting python-dateutil>=2.8.1 (from pandas<2.0.0,>=1.3.5->soda==1.1.28->soda-postgres->-r /tmp/venvv586np6l/requirements.txt (line 2))
[2023-12-22T14:17:06.167-0300] {process_utils.py:190} INFO -   Using cached python_dateutil-2.8.2-py2.py3-none-any.whl (247 kB)
[2023-12-22T14:17:06.768-0300] {process_utils.py:190} INFO - Collecting pytz>=2020.1 (from pandas<2.0.0,>=1.3.5->soda==1.1.28->soda-postgres->-r /tmp/venvv586np6l/requirements.txt (line 2))
[2023-12-22T14:17:06.782-0300] {process_utils.py:190} INFO -   Using cached pytz-2023.3.post1-py2.py3-none-any.whl.metadata (22 kB)
[2023-12-22T14:17:07.485-0300] {process_utils.py:190} INFO - Collecting cmdstanpy>=1.0.4 (from prophet<2.0.0,>=1.1.0->soda-scientific->-r /tmp/venvv586np6l/requirements.txt (line 3))
[2023-12-22T14:17:07.487-0300] {process_utils.py:190} INFO -   Using cached cmdstanpy-1.2.0-py3-none-any.whl.metadata (3.9 kB)
[2023-12-22T14:17:08.403-0300] {process_utils.py:190} INFO - Collecting matplotlib>=2.0.0 (from prophet<2.0.0,>=1.1.0->soda-scientific->-r /tmp/venvv586np6l/requirements.txt (line 3))
[2023-12-22T14:17:08.439-0300] {process_utils.py:190} INFO -   Using cached matplotlib-3.8.2-cp310-cp310-manylinux_2_17_x86_64.manylinux2014_x86_64.whl.metadata (5.8 kB)
[2023-12-22T14:17:09.203-0300] {process_utils.py:190} INFO - Collecting holidays>=0.25 (from prophet<2.0.0,>=1.1.0->soda-scientific->-r /tmp/venvv586np6l/requirements.txt (line 3))
[2023-12-22T14:17:09.270-0300] {process_utils.py:190} INFO -   Using cached holidays-0.39-py3-none-any.whl.metadata (21 kB)
[2023-12-22T14:17:09.850-0300] {process_utils.py:190} INFO - Collecting tqdm>=4.36.1 (from prophet<2.0.0,>=1.1.0->soda-scientific->-r /tmp/venvv586np6l/requirements.txt (line 3))
[2023-12-22T14:17:09.851-0300] {process_utils.py:190} INFO -   Using cached tqdm-4.66.1-py3-none-any.whl.metadata (57 kB)
[2023-12-22T14:17:10.375-0300] {process_utils.py:190} INFO - Collecting importlib-resources (from prophet<2.0.0,>=1.1.0->soda-scientific->-r /tmp/venvv586np6l/requirements.txt (line 3))
[2023-12-22T14:17:10.377-0300] {process_utils.py:190} INFO -   Using cached importlib_resources-6.1.1-py3-none-any.whl.metadata (4.1 kB)
[2023-12-22T14:17:11.003-0300] {process_utils.py:190} INFO - Collecting annotated-types>=0.4.0 (from pydantic<3.0.0,>=2.0.0->soda==1.1.28->soda-postgres->-r /tmp/venvv586np6l/requirements.txt (line 2))
[2023-12-22T14:17:11.005-0300] {process_utils.py:190} INFO -   Using cached annotated_types-0.6.0-py3-none-any.whl.metadata (12 kB)
[2023-12-22T14:17:12.086-0300] {process_utils.py:190} INFO - Collecting pydantic-core==2.14.6 (from pydantic<3.0.0,>=2.0.0->soda==1.1.28->soda-postgres->-r /tmp/venvv586np6l/requirements.txt (line 2))
[2023-12-22T14:17:12.109-0300] {process_utils.py:190} INFO -   Downloading pydantic_core-2.14.6-cp310-cp310-manylinux_2_17_x86_64.manylinux2014_x86_64.whl.metadata (6.5 kB)
[2023-12-22T14:17:13.061-0300] {process_utils.py:190} INFO - Collecting typing-extensions>=4.6.1 (from pydantic<3.0.0,>=2.0.0->soda==1.1.28->soda-postgres->-r /tmp/venvv586np6l/requirements.txt (line 2))
[2023-12-22T14:17:13.127-0300] {process_utils.py:190} INFO -   Using cached typing_extensions-4.9.0-py3-none-any.whl.metadata (3.0 kB)
[2023-12-22T14:17:14.061-0300] {process_utils.py:190} INFO - Collecting stanio~=0.3.0 (from cmdstanpy>=1.0.4->prophet<2.0.0,>=1.1.0->soda-scientific->-r /tmp/venvv586np6l/requirements.txt (line 3))
[2023-12-22T14:17:14.258-0300] {process_utils.py:190} INFO -   Using cached stanio-0.3.0-py3-none-any.whl.metadata (963 bytes)
[2023-12-22T14:17:15.347-0300] {process_utils.py:190} INFO - Collecting ordered-set<4.2.0,>=4.0.2 (from deepdiff~=6.3->soda==1.1.28->soda-postgres->-r /tmp/venvv586np6l/requirements.txt (line 2))
[2023-12-22T14:17:15.573-0300] {process_utils.py:190} INFO -   Using cached ordered_set-4.1.0-py3-none-any.whl (7.6 kB)
[2023-12-22T14:17:16.485-0300] {process_utils.py:190} INFO - Collecting contourpy>=1.0.1 (from matplotlib>=2.0.0->prophet<2.0.0,>=1.1.0->soda-scientific->-r /tmp/venvv586np6l/requirements.txt (line 3))
[2023-12-22T14:17:16.488-0300] {process_utils.py:190} INFO -   Using cached contourpy-1.2.0-cp310-cp310-manylinux_2_17_x86_64.manylinux2014_x86_64.whl.metadata (5.8 kB)
[2023-12-22T14:17:17.124-0300] {process_utils.py:190} INFO - Collecting cycler>=0.10 (from matplotlib>=2.0.0->prophet<2.0.0,>=1.1.0->soda-scientific->-r /tmp/venvv586np6l/requirements.txt (line 3))
[2023-12-22T14:17:17.126-0300] {process_utils.py:190} INFO -   Using cached cycler-0.12.1-py3-none-any.whl.metadata (3.8 kB)
[2023-12-22T14:17:17.787-0300] {process_utils.py:190} INFO - Collecting fonttools>=4.22.0 (from matplotlib>=2.0.0->prophet<2.0.0,>=1.1.0->soda-scientific->-r /tmp/venvv586np6l/requirements.txt (line 3))
[2023-12-22T14:17:17.789-0300] {process_utils.py:190} INFO -   Using cached fonttools-4.47.0-cp310-cp310-manylinux_2_17_x86_64.manylinux2014_x86_64.whl.metadata (157 kB)
[2023-12-22T14:17:18.393-0300] {process_utils.py:190} INFO - Collecting kiwisolver>=1.3.1 (from matplotlib>=2.0.0->prophet<2.0.0,>=1.1.0->soda-scientific->-r /tmp/venvv586np6l/requirements.txt (line 3))
[2023-12-22T14:17:18.395-0300] {process_utils.py:190} INFO -   Using cached kiwisolver-1.4.5-cp310-cp310-manylinux_2_12_x86_64.manylinux2010_x86_64.whl.metadata (6.4 kB)
[2023-12-22T14:17:18.927-0300] {process_utils.py:190} INFO - Collecting packaging>=20.0 (from matplotlib>=2.0.0->prophet<2.0.0,>=1.1.0->soda-scientific->-r /tmp/venvv586np6l/requirements.txt (line 3))
[2023-12-22T14:17:18.929-0300] {process_utils.py:190} INFO -   Using cached packaging-23.2-py3-none-any.whl.metadata (3.2 kB)
[2023-12-22T14:17:19.592-0300] {process_utils.py:190} INFO - Collecting pillow>=8 (from matplotlib>=2.0.0->prophet<2.0.0,>=1.1.0->soda-scientific->-r /tmp/venvv586np6l/requirements.txt (line 3))
[2023-12-22T14:17:19.593-0300] {process_utils.py:190} INFO -   Using cached Pillow-10.1.0-cp310-cp310-manylinux_2_28_x86_64.whl.metadata (9.5 kB)
[2023-12-22T14:17:20.154-0300] {process_utils.py:190} INFO - Collecting pyparsing>=2.3.1 (from matplotlib>=2.0.0->prophet<2.0.0,>=1.1.0->soda-scientific->-r /tmp/venvv586np6l/requirements.txt (line 3))
[2023-12-22T14:17:20.156-0300] {process_utils.py:190} INFO -   Using cached pyparsing-3.1.1-py3-none-any.whl.metadata (5.1 kB)
[2023-12-22T14:17:20.463-0300] {local_task_job_runner.py:302} WARNING - State of this instance has been externally set to success. Terminating instance.
[2023-12-22T14:17:20.470-0300] {process_utils.py:131} INFO - Sending Signals.SIGTERM to group 84532. PIDs of all processes in the group: [84564, 84532]
[2023-12-22T14:17:20.470-0300] {process_utils.py:86} INFO - Sending the signal Signals.SIGTERM to group 84532
[2023-12-22T14:17:20.471-0300] {taskinstance.py:2451} ERROR - Received SIGTERM. Terminating subprocesses.
[2023-12-22T14:17:20.497-0300] {process_utils.py:79} INFO - Process psutil.Process(pid=84564, status='terminated', started='14:16:29') (84564) terminated with exit code None
[2023-12-22T14:17:20.709-0300] {process_utils.py:79} INFO - Process psutil.Process(pid=84532, status='terminated', exitcode=0, started='14:16:28') (84532) terminated with exit code 0
