[2023-12-22T14:35:51.313-0300] {taskinstance.py:1957} INFO - Dependencies all met for dep_context=non-requeueable deps ti=<TaskInstance: model_adventureworks_sales_category.dbt_transform manual__2023-12-22T17:32:52.296503+00:00 [queued]>
[2023-12-22T14:35:51.319-0300] {taskinstance.py:1957} INFO - Dependencies all met for dep_context=requeueable deps ti=<TaskInstance: model_adventureworks_sales_category.dbt_transform manual__2023-12-22T17:32:52.296503+00:00 [queued]>
[2023-12-22T14:35:51.319-0300] {taskinstance.py:2171} INFO - Starting attempt 1 of 2
[2023-12-22T14:35:51.542-0300] {taskinstance.py:2192} INFO - Executing <Task(BashOperator): dbt_transform> on 2023-12-22 17:32:52.296503+00:00
[2023-12-22T14:35:51.547-0300] {standard_task_runner.py:60} INFO - Started process 92385 to run task
[2023-12-22T14:35:51.551-0300] {standard_task_runner.py:87} INFO - Running: ['airflow', 'tasks', 'run', 'model_adventureworks_sales_category', 'dbt_transform', 'manual__2023-12-22T17:32:52.296503+00:00', '--job-id', '46', '--raw', '--subdir', 'DAGS_FOLDER/model_sales_category.py', '--cfg-path', '/tmp/tmppuvcukiz']
[2023-12-22T14:35:51.553-0300] {standard_task_runner.py:88} INFO - Job 46: Subtask dbt_transform
[2023-12-22T14:35:51.743-0300] {task_command.py:423} INFO - Running <TaskInstance: model_adventureworks_sales_category.dbt_transform manual__2023-12-22T17:32:52.296503+00:00 [running]> on host franco-MS-7B84
[2023-12-22T14:35:52.092-0300] {taskinstance.py:2481} INFO - Exporting env vars: AIRFLOW_CTX_DAG_OWNER='soda_core' AIRFLOW_CTX_DAG_ID='model_adventureworks_sales_category' AIRFLOW_CTX_TASK_ID='dbt_transform' AIRFLOW_CTX_EXECUTION_DATE='2023-12-22T17:32:52.296503+00:00' AIRFLOW_CTX_TRY_NUMBER='1' AIRFLOW_CTX_DAG_RUN_ID='manual__2023-12-22T17:32:52.296503+00:00'
[2023-12-22T14:35:52.093-0300] {subprocess.py:63} INFO - Tmp dir root location: /tmp
[2023-12-22T14:35:52.093-0300] {subprocess.py:75} INFO - Running command: ['/usr/bin/bash', '-c', 'dbt run --project-dir /home/franco/Documents/Projects/soda/dbt/dbt_models --select transform']
[2023-12-22T14:35:52.106-0300] {subprocess.py:86} INFO - Output:
[2023-12-22T14:35:53.775-0300] {subprocess.py:93} INFO - [0m17:35:53  Running with dbt=1.7.4
[2023-12-22T14:35:53.985-0300] {subprocess.py:93} INFO - [0m17:35:53  Registered adapter: postgres=1.7.4
[2023-12-22T14:35:54.069-0300] {subprocess.py:93} INFO - [0m17:35:54  Found 3 models, 4 sources, 0 exposures, 0 metrics, 401 macros, 0 groups, 0 semantic models
[2023-12-22T14:35:54.070-0300] {subprocess.py:93} INFO - [0m17:35:54
[2023-12-22T14:35:54.196-0300] {subprocess.py:93} INFO - [0m17:35:54  Concurrency: 1 threads (target='dev')
[2023-12-22T14:35:54.197-0300] {subprocess.py:93} INFO - [0m17:35:54
[2023-12-22T14:35:54.200-0300] {subprocess.py:93} INFO - [0m17:35:54  1 of 1 START sql view model public.fact_product_category ....................... [RUN]
[2023-12-22T14:35:54.373-0300] {subprocess.py:93} INFO - [0m17:35:54  1 of 1 OK created sql view model public.fact_product_category .................. [[32mCREATE VIEW[0m in 0.17s]
[2023-12-22T14:35:54.391-0300] {subprocess.py:93} INFO - [0m17:35:54
[2023-12-22T14:35:54.392-0300] {subprocess.py:93} INFO - [0m17:35:54  Finished running 1 view model in 0 hours 0 minutes and 0.32 seconds (0.32s).
[2023-12-22T14:35:54.407-0300] {subprocess.py:93} INFO - [0m17:35:54
[2023-12-22T14:35:54.407-0300] {subprocess.py:93} INFO - [0m17:35:54  [32mCompleted successfully[0m
[2023-12-22T14:35:54.409-0300] {subprocess.py:93} INFO - [0m17:35:54
[2023-12-22T14:35:54.410-0300] {subprocess.py:93} INFO - [0m17:35:54  Done. PASS=1 WARN=0 ERROR=0 SKIP=0 TOTAL=1
[2023-12-22T14:35:55.295-0300] {subprocess.py:97} INFO - Command exited with return code 0
[2023-12-22T14:35:55.700-0300] {taskinstance.py:1138} INFO - Marking task as SUCCESS. dag_id=model_adventureworks_sales_category, task_id=dbt_transform, execution_date=20231222T173252, start_date=20231222T173551, end_date=20231222T173555
[2023-12-22T14:35:55.889-0300] {local_task_job_runner.py:234} INFO - Task exited with return code 0
[2023-12-22T14:35:56.081-0300] {taskinstance.py:3281} INFO - 1 downstream tasks scheduled from follow-on schedule check
