[2023-12-21T11:45:15.275-0300] {processor.py:161} INFO - Started process (PID=44395) to work on /home/franco/Documents/Projects/soda/.venv/lib/python3.10/site-packages/airflow/example_dags/example_datasets.py
[2023-12-21T11:45:15.275-0300] {processor.py:830} INFO - Processing file /home/franco/Documents/Projects/soda/.venv/lib/python3.10/site-packages/airflow/example_dags/example_datasets.py for tasks to queue
[2023-12-21T11:45:15.276-0300] {logging_mixin.py:188} INFO - [2023-12-21T11:45:15.276-0300] {dagbag.py:538} INFO - Filling up the DagBag from /home/franco/Documents/Projects/soda/.venv/lib/python3.10/site-packages/airflow/example_dags/example_datasets.py
[2023-12-21T11:45:15.282-0300] {processor.py:840} INFO - DAG(s) 'dataset_produces_1', 'dataset_consumes_1_never_scheduled', 'dataset_consumes_1', 'dataset_produces_2', 'dataset_consumes_1_and_2', 'dataset_consumes_unknown_never_scheduled' retrieved from /home/franco/Documents/Projects/soda/.venv/lib/python3.10/site-packages/airflow/example_dags/example_datasets.py
[2023-12-21T11:45:15.645-0300] {logging_mixin.py:188} INFO - [2023-12-21T11:45:15.645-0300] {override.py:1769} INFO - Created Permission View: can read on DAG:dataset_produces_1
[2023-12-21T11:45:15.763-0300] {logging_mixin.py:188} INFO - [2023-12-21T11:45:15.763-0300] {override.py:1769} INFO - Created Permission View: can delete on DAG:dataset_produces_1
[2023-12-21T11:45:15.919-0300] {logging_mixin.py:188} INFO - [2023-12-21T11:45:15.918-0300] {override.py:1769} INFO - Created Permission View: can edit on DAG:dataset_produces_1
[2023-12-21T11:45:16.194-0300] {logging_mixin.py:188} INFO - [2023-12-21T11:45:16.193-0300] {override.py:1769} INFO - Created Permission View: can read on DAG:dataset_consumes_1_never_scheduled
[2023-12-21T11:45:16.339-0300] {logging_mixin.py:188} INFO - [2023-12-21T11:45:16.339-0300] {override.py:1769} INFO - Created Permission View: can delete on DAG:dataset_consumes_1_never_scheduled
[2023-12-21T11:45:16.512-0300] {logging_mixin.py:188} INFO - [2023-12-21T11:45:16.512-0300] {override.py:1769} INFO - Created Permission View: can edit on DAG:dataset_consumes_1_never_scheduled
[2023-12-21T11:45:16.869-0300] {logging_mixin.py:188} INFO - [2023-12-21T11:45:16.869-0300] {override.py:1769} INFO - Created Permission View: can read on DAG:dataset_consumes_1
[2023-12-21T11:45:17.008-0300] {logging_mixin.py:188} INFO - [2023-12-21T11:45:17.008-0300] {override.py:1769} INFO - Created Permission View: can delete on DAG:dataset_consumes_1
[2023-12-21T11:45:17.144-0300] {logging_mixin.py:188} INFO - [2023-12-21T11:45:17.144-0300] {override.py:1769} INFO - Created Permission View: can edit on DAG:dataset_consumes_1
[2023-12-21T11:45:17.565-0300] {logging_mixin.py:188} INFO - [2023-12-21T11:45:17.565-0300] {override.py:1769} INFO - Created Permission View: can read on DAG:dataset_produces_2
[2023-12-21T11:45:17.753-0300] {logging_mixin.py:188} INFO - [2023-12-21T11:45:17.752-0300] {override.py:1769} INFO - Created Permission View: can delete on DAG:dataset_produces_2
[2023-12-21T11:45:17.952-0300] {logging_mixin.py:188} INFO - [2023-12-21T11:45:17.952-0300] {override.py:1769} INFO - Created Permission View: can edit on DAG:dataset_produces_2
[2023-12-21T11:45:19.185-0300] {logging_mixin.py:188} INFO - [2023-12-21T11:45:19.185-0300] {override.py:1769} INFO - Created Permission View: can read on DAG:dataset_consumes_1_and_2
[2023-12-21T11:45:19.353-0300] {logging_mixin.py:188} INFO - [2023-12-21T11:45:19.353-0300] {override.py:1769} INFO - Created Permission View: can delete on DAG:dataset_consumes_1_and_2
[2023-12-21T11:45:19.528-0300] {logging_mixin.py:188} INFO - [2023-12-21T11:45:19.528-0300] {override.py:1769} INFO - Created Permission View: can edit on DAG:dataset_consumes_1_and_2
[2023-12-21T11:45:19.837-0300] {logging_mixin.py:188} INFO - [2023-12-21T11:45:19.836-0300] {override.py:1769} INFO - Created Permission View: can read on DAG:dataset_consumes_unknown_never_scheduled
[2023-12-21T11:45:19.978-0300] {logging_mixin.py:188} INFO - [2023-12-21T11:45:19.977-0300] {override.py:1769} INFO - Created Permission View: can delete on DAG:dataset_consumes_unknown_never_scheduled
[2023-12-21T11:45:20.103-0300] {logging_mixin.py:188} INFO - [2023-12-21T11:45:20.102-0300] {override.py:1769} INFO - Created Permission View: can edit on DAG:dataset_consumes_unknown_never_scheduled
[2023-12-21T11:45:20.103-0300] {logging_mixin.py:188} INFO - [2023-12-21T11:45:20.103-0300] {dag.py:3033} INFO - Sync 6 DAGs
[2023-12-21T11:45:20.113-0300] {logging_mixin.py:188} INFO - [2023-12-21T11:45:20.113-0300] {dag.py:3055} INFO - Creating ORM DAG for dataset_produces_1
[2023-12-21T11:45:20.114-0300] {logging_mixin.py:188} INFO - [2023-12-21T11:45:20.114-0300] {dag.py:3055} INFO - Creating ORM DAG for dataset_consumes_unknown_never_scheduled
[2023-12-21T11:45:20.114-0300] {logging_mixin.py:188} INFO - [2023-12-21T11:45:20.114-0300] {dag.py:3055} INFO - Creating ORM DAG for dataset_produces_2
[2023-12-21T11:45:20.115-0300] {logging_mixin.py:188} INFO - [2023-12-21T11:45:20.115-0300] {dag.py:3055} INFO - Creating ORM DAG for dataset_consumes_1_and_2
[2023-12-21T11:45:20.115-0300] {logging_mixin.py:188} INFO - [2023-12-21T11:45:20.115-0300] {dag.py:3055} INFO - Creating ORM DAG for dataset_consumes_1
[2023-12-21T11:45:20.116-0300] {logging_mixin.py:188} INFO - [2023-12-21T11:45:20.116-0300] {dag.py:3055} INFO - Creating ORM DAG for dataset_consumes_1_never_scheduled
[2023-12-21T11:45:20.124-0300] {logging_mixin.py:188} INFO - [2023-12-21T11:45:20.124-0300] {dag.py:3820} INFO - Setting next_dagrun for dataset_consumes_1 to None, run_after=None
[2023-12-21T11:45:20.125-0300] {logging_mixin.py:188} INFO - [2023-12-21T11:45:20.125-0300] {dag.py:3820} INFO - Setting next_dagrun for dataset_consumes_1_and_2 to None, run_after=None
[2023-12-21T11:45:20.126-0300] {logging_mixin.py:188} INFO - [2023-12-21T11:45:20.126-0300] {dag.py:3820} INFO - Setting next_dagrun for dataset_consumes_1_never_scheduled to None, run_after=None
[2023-12-21T11:45:20.126-0300] {logging_mixin.py:188} INFO - [2023-12-21T11:45:20.126-0300] {dag.py:3820} INFO - Setting next_dagrun for dataset_consumes_unknown_never_scheduled to None, run_after=None
[2023-12-21T11:45:20.128-0300] {logging_mixin.py:188} INFO - [2023-12-21T11:45:20.128-0300] {dag.py:3820} INFO - Setting next_dagrun for dataset_produces_1 to 2023-12-20T00:00:00+00:00, run_after=2023-12-21T00:00:00+00:00
[2023-12-21T11:45:20.128-0300] {logging_mixin.py:188} INFO - [2023-12-21T11:45:20.128-0300] {dag.py:3820} INFO - Setting next_dagrun for dataset_produces_2 to None, run_after=None
[2023-12-21T11:45:20.348-0300] {processor.py:183} INFO - Processing /home/franco/Documents/Projects/soda/.venv/lib/python3.10/site-packages/airflow/example_dags/example_datasets.py took 5.075 seconds
