[2023-12-21T11:45:04.025-0300] {processor.py:161} INFO - Started process (PID=44345) to work on /home/franco/Documents/Projects/soda/.venv/lib/python3.10/site-packages/airflow/example_dags/example_branch_datetime_operator.py
[2023-12-21T11:45:04.026-0300] {processor.py:830} INFO - Processing file /home/franco/Documents/Projects/soda/.venv/lib/python3.10/site-packages/airflow/example_dags/example_branch_datetime_operator.py for tasks to queue
[2023-12-21T11:45:04.026-0300] {logging_mixin.py:188} INFO - [2023-12-21T11:45:04.026-0300] {dagbag.py:538} INFO - Filling up the DagBag from /home/franco/Documents/Projects/soda/.venv/lib/python3.10/site-packages/airflow/example_dags/example_branch_datetime_operator.py
[2023-12-21T11:45:04.032-0300] {processor.py:840} INFO - DAG(s) 'example_branch_datetime_operator', 'example_branch_datetime_operator_2', 'example_branch_datetime_operator_3' retrieved from /home/franco/Documents/Projects/soda/.venv/lib/python3.10/site-packages/airflow/example_dags/example_branch_datetime_operator.py
[2023-12-21T11:45:04.464-0300] {logging_mixin.py:188} INFO - [2023-12-21T11:45:04.463-0300] {override.py:1769} INFO - Created Permission View: can read on DAG:example_branch_datetime_operator
[2023-12-21T11:45:05.063-0300] {logging_mixin.py:188} INFO - [2023-12-21T11:45:05.063-0300] {override.py:1769} INFO - Created Permission View: can delete on DAG:example_branch_datetime_operator
[2023-12-21T11:45:05.625-0300] {logging_mixin.py:188} INFO - [2023-12-21T11:45:05.624-0300] {override.py:1769} INFO - Created Permission View: can edit on DAG:example_branch_datetime_operator
[2023-12-21T11:45:07.149-0300] {logging_mixin.py:188} INFO - [2023-12-21T11:45:07.148-0300] {override.py:1769} INFO - Created Permission View: can read on DAG:example_branch_datetime_operator_2
[2023-12-21T11:45:07.440-0300] {logging_mixin.py:188} INFO - [2023-12-21T11:45:07.440-0300] {override.py:1769} INFO - Created Permission View: can delete on DAG:example_branch_datetime_operator_2
[2023-12-21T11:45:07.591-0300] {logging_mixin.py:188} INFO - [2023-12-21T11:45:07.591-0300] {override.py:1769} INFO - Created Permission View: can edit on DAG:example_branch_datetime_operator_2
[2023-12-21T11:45:07.961-0300] {logging_mixin.py:188} INFO - [2023-12-21T11:45:07.960-0300] {override.py:1769} INFO - Created Permission View: can read on DAG:example_branch_datetime_operator_3
[2023-12-21T11:45:08.140-0300] {logging_mixin.py:188} INFO - [2023-12-21T11:45:08.140-0300] {override.py:1769} INFO - Created Permission View: can delete on DAG:example_branch_datetime_operator_3
[2023-12-21T11:45:08.285-0300] {logging_mixin.py:188} INFO - [2023-12-21T11:45:08.285-0300] {override.py:1769} INFO - Created Permission View: can edit on DAG:example_branch_datetime_operator_3
[2023-12-21T11:45:08.286-0300] {logging_mixin.py:188} INFO - [2023-12-21T11:45:08.286-0300] {dag.py:3033} INFO - Sync 3 DAGs
[2023-12-21T11:45:08.292-0300] {logging_mixin.py:188} INFO - [2023-12-21T11:45:08.292-0300] {dag.py:3055} INFO - Creating ORM DAG for example_branch_datetime_operator_3
[2023-12-21T11:45:08.292-0300] {logging_mixin.py:188} INFO - [2023-12-21T11:45:08.292-0300] {dag.py:3055} INFO - Creating ORM DAG for example_branch_datetime_operator
[2023-12-21T11:45:08.292-0300] {logging_mixin.py:188} INFO - [2023-12-21T11:45:08.292-0300] {dag.py:3055} INFO - Creating ORM DAG for example_branch_datetime_operator_2
[2023-12-21T11:45:08.298-0300] {logging_mixin.py:188} INFO - [2023-12-21T11:45:08.298-0300] {dag.py:3820} INFO - Setting next_dagrun for example_branch_datetime_operator to 2023-12-20T00:00:00+00:00, run_after=2023-12-21T00:00:00+00:00
[2023-12-21T11:45:08.299-0300] {logging_mixin.py:188} INFO - [2023-12-21T11:45:08.299-0300] {dag.py:3820} INFO - Setting next_dagrun for example_branch_datetime_operator_2 to 2023-12-20T00:00:00+00:00, run_after=2023-12-21T00:00:00+00:00
[2023-12-21T11:45:08.300-0300] {logging_mixin.py:188} INFO - [2023-12-21T11:45:08.299-0300] {dag.py:3820} INFO - Setting next_dagrun for example_branch_datetime_operator_3 to 2023-12-20T00:00:00+00:00, run_after=2023-12-21T00:00:00+00:00
[2023-12-21T11:45:08.536-0300] {processor.py:183} INFO - Processing /home/franco/Documents/Projects/soda/.venv/lib/python3.10/site-packages/airflow/example_dags/example_branch_datetime_operator.py took 4.513 seconds
