[2023-12-22T14:34:24.441-0300] {taskinstance.py:1957} INFO - Dependencies all met for dep_context=non-requeueable deps ti=<TaskInstance: model_adventureworks_sales_category.checks_ingest manual__2023-12-22T17:32:52.296503+00:00 [queued]>
[2023-12-22T14:34:24.445-0300] {taskinstance.py:1957} INFO - Dependencies all met for dep_context=requeueable deps ti=<TaskInstance: model_adventureworks_sales_category.checks_ingest manual__2023-12-22T17:32:52.296503+00:00 [queued]>
[2023-12-22T14:34:24.445-0300] {taskinstance.py:2171} INFO - Starting attempt 1 of 2
[2023-12-22T14:34:24.596-0300] {taskinstance.py:2192} INFO - Executing <Task(PythonVirtualenvOperator): checks_ingest> on 2023-12-22 17:32:52.296503+00:00
[2023-12-22T14:34:24.602-0300] {standard_task_runner.py:60} INFO - Started process 91801 to run task
[2023-12-22T14:34:24.604-0300] {standard_task_runner.py:87} INFO - Running: ['airflow', 'tasks', 'run', 'model_adventureworks_sales_category', 'checks_ingest', 'manual__2023-12-22T17:32:52.296503+00:00', '--job-id', '44', '--raw', '--subdir', 'DAGS_FOLDER/model_sales_category.py', '--cfg-path', '/tmp/tmp6q0ec1ve']
[2023-12-22T14:34:24.606-0300] {standard_task_runner.py:88} INFO - Job 44: Subtask checks_ingest
[2023-12-22T14:34:24.790-0300] {task_command.py:423} INFO - Running <TaskInstance: model_adventureworks_sales_category.checks_ingest manual__2023-12-22T17:32:52.296503+00:00 [running]> on host franco-MS-7B84
[2023-12-22T14:34:25.232-0300] {taskinstance.py:2481} INFO - Exporting env vars: AIRFLOW_CTX_DAG_OWNER='soda_core' AIRFLOW_CTX_DAG_ID='model_adventureworks_sales_category' AIRFLOW_CTX_TASK_ID='checks_ingest' AIRFLOW_CTX_EXECUTION_DATE='2023-12-22T17:32:52.296503+00:00' AIRFLOW_CTX_TRY_NUMBER='1' AIRFLOW_CTX_DAG_RUN_ID='manual__2023-12-22T17:32:52.296503+00:00'
[2023-12-22T14:34:25.233-0300] {process_utils.py:182} INFO - Executing cmd: /home/franco/Documents/Projects/soda/.venv/bin/python -m virtualenv /tmp/venvi1nncory --python=python
[2023-12-22T14:34:25.233-0300] {process_utils.py:186} INFO - Output:
[2023-12-22T14:34:25.413-0300] {process_utils.py:190} INFO - created virtual environment CPython3.10.12.final.0-64 in 118ms
[2023-12-22T14:34:25.414-0300] {process_utils.py:190} INFO -   creator CPython3Posix(dest=/tmp/venvi1nncory, clear=False, no_vcs_ignore=False, global=False)
[2023-12-22T14:34:25.414-0300] {process_utils.py:190} INFO -   seeder FromAppData(download=False, pip=bundle, setuptools=bundle, wheel=bundle, via=copy, app_data_dir=/home/franco/.local/share/virtualenv)
[2023-12-22T14:34:25.414-0300] {process_utils.py:190} INFO -     added seed packages: pip==23.3.2, setuptools==69.0.2, wheel==0.42.0
[2023-12-22T14:34:25.414-0300] {process_utils.py:190} INFO -   activators BashActivator,CShellActivator,FishActivator,NushellActivator,PowerShellActivator,PythonActivator
[2023-12-22T14:34:25.426-0300] {process_utils.py:182} INFO - Executing cmd: /tmp/venvi1nncory/bin/pip install -r /tmp/venvi1nncory/requirements.txt
[2023-12-22T14:34:25.427-0300] {process_utils.py:186} INFO - Output:
[2023-12-22T14:34:26.073-0300] {process_utils.py:190} INFO - Looking in indexes: https://pypi.cloud.soda.io
[2023-12-22T14:34:27.721-0300] {process_utils.py:190} INFO - Collecting soda-postgres (from -r /tmp/venvi1nncory/requirements.txt (line 2))
[2023-12-22T14:34:27.961-0300] {process_utils.py:190} INFO -   Downloading https://pypi.cloud.soda.io/packages/soda_postgres-1.1.28-py3-none-any.whl (5.2 kB)
[2023-12-22T14:34:28.463-0300] {process_utils.py:190} INFO - Collecting soda-scientific (from -r /tmp/venvi1nncory/requirements.txt (line 3))
[2023-12-22T14:34:28.703-0300] {process_utils.py:190} INFO -   Downloading https://pypi.cloud.soda.io/packages/soda_scientific-1.1.28-py3-none-any.whl (21 kB)
[2023-12-22T14:34:29.202-0300] {process_utils.py:190} INFO - Collecting soda==1.1.28 (from soda-postgres->-r /tmp/venvi1nncory/requirements.txt (line 2))
[2023-12-22T14:34:29.442-0300] {process_utils.py:190} INFO -   Downloading https://pypi.cloud.soda.io/packages/soda-1.1.28-py3-none-any.whl (246 kB)
[2023-12-22T14:34:30.150-0300] {process_utils.py:190} INFO -      ━━━━━━━━━━━━━━━━━━━━━━━━━━━━━━━━━━━━━━━━ 246.7/246.7 kB 335.7 kB/s eta 0:00:00
[2023-12-22T14:34:31.130-0300] {process_utils.py:190} INFO - Collecting psycopg2-binary<3.0,>=2.8.5 (from soda-postgres->-r /tmp/venvi1nncory/requirements.txt (line 2))
[2023-12-22T14:34:31.131-0300] {process_utils.py:190} INFO -   Using cached psycopg2_binary-2.9.9-cp310-cp310-manylinux_2_17_x86_64.manylinux2014_x86_64.whl.metadata (4.4 kB)
[2023-12-22T14:34:31.688-0300] {process_utils.py:190} INFO - Collecting markupsafe<=2.1.2,>=2.0.1 (from soda==1.1.28->soda-postgres->-r /tmp/venvi1nncory/requirements.txt (line 2))
[2023-12-22T14:34:31.689-0300] {process_utils.py:190} INFO -   Using cached MarkupSafe-2.1.2-cp310-cp310-manylinux_2_17_x86_64.manylinux2014_x86_64.whl (25 kB)
[2023-12-22T14:34:32.237-0300] {process_utils.py:190} INFO - Collecting Jinja2<4.0,>=2.11 (from soda==1.1.28->soda-postgres->-r /tmp/venvi1nncory/requirements.txt (line 2))
[2023-12-22T14:34:32.238-0300] {process_utils.py:190} INFO -   Using cached Jinja2-3.1.2-py3-none-any.whl (133 kB)
[2023-12-22T14:34:32.795-0300] {process_utils.py:190} INFO - Collecting click~=8.0 (from soda==1.1.28->soda-postgres->-r /tmp/venvi1nncory/requirements.txt (line 2))
[2023-12-22T14:34:32.797-0300] {process_utils.py:190} INFO -   Using cached click-8.1.7-py3-none-any.whl.metadata (3.0 kB)
[2023-12-22T14:34:33.480-0300] {process_utils.py:190} INFO - Collecting ruamel.yaml<0.18.0,>=0.17.0 (from soda==1.1.28->soda-postgres->-r /tmp/venvi1nncory/requirements.txt (line 2))
[2023-12-22T14:34:33.481-0300] {process_utils.py:190} INFO -   Using cached ruamel.yaml-0.17.40-py3-none-any.whl.metadata (19 kB)
[2023-12-22T14:34:34.099-0300] {process_utils.py:190} INFO - Collecting requests~=2.28 (from soda==1.1.28->soda-postgres->-r /tmp/venvi1nncory/requirements.txt (line 2))
[2023-12-22T14:34:34.101-0300] {process_utils.py:190} INFO -   Using cached requests-2.31.0-py3-none-any.whl.metadata (4.6 kB)
[2023-12-22T14:34:34.642-0300] {process_utils.py:190} INFO - Collecting antlr4-python3-runtime~=4.11.1 (from soda==1.1.28->soda-postgres->-r /tmp/venvi1nncory/requirements.txt (line 2))
[2023-12-22T14:34:34.643-0300] {process_utils.py:190} INFO -   Using cached antlr4_python3_runtime-4.11.1-py3-none-any.whl (144 kB)
[2023-12-22T14:34:35.235-0300] {process_utils.py:190} INFO - Collecting opentelemetry-api~=1.16.0 (from soda==1.1.28->soda-postgres->-r /tmp/venvi1nncory/requirements.txt (line 2))
[2023-12-22T14:34:35.237-0300] {process_utils.py:190} INFO -   Using cached opentelemetry_api-1.16.0-py3-none-any.whl (57 kB)
[2023-12-22T14:34:35.814-0300] {process_utils.py:190} INFO - Collecting opentelemetry-exporter-otlp-proto-http~=1.16.0 (from soda==1.1.28->soda-postgres->-r /tmp/venvi1nncory/requirements.txt (line 2))
[2023-12-22T14:34:35.817-0300] {process_utils.py:190} INFO -   Using cached opentelemetry_exporter_otlp_proto_http-1.16.0-py3-none-any.whl (21 kB)
[2023-12-22T14:34:36.420-0300] {process_utils.py:190} INFO - Collecting sqlparse~=0.4 (from soda==1.1.28->soda-postgres->-r /tmp/venvi1nncory/requirements.txt (line 2))
[2023-12-22T14:34:36.422-0300] {process_utils.py:190} INFO -   Using cached sqlparse-0.4.4-py3-none-any.whl (41 kB)
[2023-12-22T14:34:36.975-0300] {process_utils.py:190} INFO - Collecting inflect~=7.0 (from soda==1.1.28->soda-postgres->-r /tmp/venvi1nncory/requirements.txt (line 2))
[2023-12-22T14:34:36.977-0300] {process_utils.py:190} INFO -   Using cached inflect-7.0.0-py3-none-any.whl.metadata (21 kB)
[2023-12-22T14:34:37.470-0300] {process_utils.py:190} INFO - Collecting soda-freshness<1.0.0,>=0.0.5 (from soda==1.1.28->soda-postgres->-r /tmp/venvi1nncory/requirements.txt (line 2))
[2023-12-22T14:34:37.710-0300] {process_utils.py:190} INFO -   Downloading https://pypi.cloud.soda.io/packages/soda_freshness-0.0.5-py3-none-any.whl (4.3 kB)
[2023-12-22T14:34:38.202-0300] {process_utils.py:190} INFO - Collecting ia-questionary (from soda==1.1.28->soda-postgres->-r /tmp/venvi1nncory/requirements.txt (line 2))
[2023-12-22T14:34:38.443-0300] {process_utils.py:190} INFO -   Downloading https://pypi.cloud.soda.io/packages/ia_questionary-1.10.0-py3-none-any.whl (35 kB)
[2023-12-22T14:34:39.032-0300] {process_utils.py:190} INFO - Collecting rich<14.0.0,>=13.3.3 (from soda==1.1.28->soda-postgres->-r /tmp/venvi1nncory/requirements.txt (line 2))
[2023-12-22T14:34:39.034-0300] {process_utils.py:190} INFO -   Using cached rich-13.7.0-py3-none-any.whl.metadata (18 kB)
[2023-12-22T14:34:39.572-0300] {process_utils.py:190} INFO - Collecting typer<1.0.0,>=0.7.0 (from soda==1.1.28->soda-postgres->-r /tmp/venvi1nncory/requirements.txt (line 2))
[2023-12-22T14:34:39.573-0300] {process_utils.py:190} INFO -   Using cached typer-0.9.0-py3-none-any.whl (45 kB)
[2023-12-22T14:34:40.585-0300] {process_utils.py:190} INFO - Collecting pydantic<3.0.0,>=2.0.0 (from soda==1.1.28->soda-postgres->-r /tmp/venvi1nncory/requirements.txt (line 2))
[2023-12-22T14:34:40.586-0300] {process_utils.py:190} INFO -   Using cached pydantic-2.5.3-py3-none-any.whl.metadata (65 kB)
[2023-12-22T14:34:41.145-0300] {process_utils.py:190} INFO - Collecting pyyaml<7.0.0,>=5.4.1 (from soda==1.1.28->soda-postgres->-r /tmp/venvi1nncory/requirements.txt (line 2))
[2023-12-22T14:34:41.146-0300] {process_utils.py:190} INFO -   Using cached PyYAML-6.0.1-cp310-cp310-manylinux_2_17_x86_64.manylinux2014_x86_64.whl.metadata (2.1 kB)
[2023-12-22T14:34:41.899-0300] {process_utils.py:190} INFO - Collecting segment-analytics-python<3.0.0 (from soda==1.1.28->soda-postgres->-r /tmp/venvi1nncory/requirements.txt (line 2))
[2023-12-22T14:34:41.901-0300] {process_utils.py:190} INFO -   Using cached segment_analytics_python-2.2.3-py2.py3-none-any.whl.metadata (1.6 kB)
[2023-12-22T14:34:42.558-0300] {process_utils.py:190} INFO - Collecting pandas<2.0.0,>=1.3.5 (from soda==1.1.28->soda-postgres->-r /tmp/venvi1nncory/requirements.txt (line 2))
[2023-12-22T14:34:42.559-0300] {process_utils.py:190} INFO -   Using cached pandas-1.5.3-cp310-cp310-manylinux_2_17_x86_64.manylinux2014_x86_64.whl (12.1 MB)
[2023-12-22T14:34:43.128-0300] {process_utils.py:190} INFO - Collecting deepdiff~=6.3 (from soda==1.1.28->soda-postgres->-r /tmp/venvi1nncory/requirements.txt (line 2))
[2023-12-22T14:34:43.129-0300] {process_utils.py:190} INFO -   Using cached deepdiff-6.7.1-py3-none-any.whl.metadata (6.1 kB)
[2023-12-22T14:34:43.136-0300] {process_utils.py:190} INFO - Requirement already satisfied: wheel in /tmp/venvi1nncory/lib/python3.10/site-packages (from soda-scientific->-r /tmp/venvi1nncory/requirements.txt (line 3)) (0.42.0)
[2023-12-22T14:34:43.771-0300] {process_utils.py:190} INFO - Collecting scipy>=1.8.0 (from soda-scientific->-r /tmp/venvi1nncory/requirements.txt (line 3))
[2023-12-22T14:34:43.772-0300] {process_utils.py:190} INFO -   Using cached scipy-1.11.4-cp310-cp310-manylinux_2_17_x86_64.manylinux2014_x86_64.whl.metadata (60 kB)
[2023-12-22T14:34:44.417-0300] {process_utils.py:190} INFO - Collecting numpy<2.0.0,>=1.23.3 (from soda-scientific->-r /tmp/venvi1nncory/requirements.txt (line 3))
[2023-12-22T14:34:44.418-0300] {process_utils.py:190} INFO -   Using cached numpy-1.26.2-cp310-cp310-manylinux_2_17_x86_64.manylinux2014_x86_64.whl.metadata (61 kB)
[2023-12-22T14:34:44.934-0300] {process_utils.py:190} INFO - Collecting inflection==0.5.1 (from soda-scientific->-r /tmp/venvi1nncory/requirements.txt (line 3))
[2023-12-22T14:34:44.935-0300] {process_utils.py:190} INFO -   Using cached inflection-0.5.1-py2.py3-none-any.whl (9.5 kB)
[2023-12-22T14:34:45.504-0300] {process_utils.py:190} INFO - Collecting httpx<2.0.0,>=0.18.1 (from soda-scientific->-r /tmp/venvi1nncory/requirements.txt (line 3))
[2023-12-22T14:34:45.506-0300] {process_utils.py:190} INFO -   Using cached httpx-0.26.0-py3-none-any.whl.metadata (7.6 kB)
[2023-12-22T14:34:46.283-0300] {process_utils.py:190} INFO - Collecting cython>=0.22 (from soda-scientific->-r /tmp/venvi1nncory/requirements.txt (line 3))
[2023-12-22T14:34:46.284-0300] {process_utils.py:190} INFO -   Using cached Cython-3.0.7-cp310-cp310-manylinux_2_17_x86_64.manylinux2014_x86_64.whl.metadata (3.2 kB)
[2023-12-22T14:34:46.830-0300] {process_utils.py:190} INFO - Collecting prophet<2.0.0,>=1.1.0 (from soda-scientific->-r /tmp/venvi1nncory/requirements.txt (line 3))
[2023-12-22T14:34:46.831-0300] {process_utils.py:190} INFO -   Using cached prophet-1.1.5-py3-none-manylinux_2_17_x86_64.manylinux2014_x86_64.whl.metadata (3.5 kB)
[2023-12-22T14:34:47.396-0300] {process_utils.py:190} INFO - Collecting anyio (from httpx<2.0.0,>=0.18.1->soda-scientific->-r /tmp/venvi1nncory/requirements.txt (line 3))
[2023-12-22T14:34:47.398-0300] {process_utils.py:190} INFO -   Using cached anyio-4.2.0-py3-none-any.whl.metadata (4.6 kB)
[2023-12-22T14:34:47.958-0300] {process_utils.py:190} INFO - Collecting certifi (from httpx<2.0.0,>=0.18.1->soda-scientific->-r /tmp/venvi1nncory/requirements.txt (line 3))
[2023-12-22T14:34:47.959-0300] {process_utils.py:190} INFO -   Using cached certifi-2023.11.17-py3-none-any.whl.metadata (2.2 kB)
[2023-12-22T14:34:48.543-0300] {process_utils.py:190} INFO - Collecting httpcore==1.* (from httpx<2.0.0,>=0.18.1->soda-scientific->-r /tmp/venvi1nncory/requirements.txt (line 3))
[2023-12-22T14:34:48.545-0300] {process_utils.py:190} INFO -   Using cached httpcore-1.0.2-py3-none-any.whl.metadata (20 kB)
[2023-12-22T14:34:49.088-0300] {process_utils.py:190} INFO - Collecting idna (from httpx<2.0.0,>=0.18.1->soda-scientific->-r /tmp/venvi1nncory/requirements.txt (line 3))
[2023-12-22T14:34:49.090-0300] {process_utils.py:190} INFO -   Using cached idna-3.6-py3-none-any.whl.metadata (9.9 kB)
[2023-12-22T14:34:49.622-0300] {process_utils.py:190} INFO - Collecting sniffio (from httpx<2.0.0,>=0.18.1->soda-scientific->-r /tmp/venvi1nncory/requirements.txt (line 3))
[2023-12-22T14:34:49.623-0300] {process_utils.py:190} INFO -   Using cached sniffio-1.3.0-py3-none-any.whl (10 kB)
[2023-12-22T14:34:50.147-0300] {process_utils.py:190} INFO - Collecting h11<0.15,>=0.13 (from httpcore==1.*->httpx<2.0.0,>=0.18.1->soda-scientific->-r /tmp/venvi1nncory/requirements.txt (line 3))
[2023-12-22T14:34:50.148-0300] {process_utils.py:190} INFO -   Using cached h11-0.14.0-py3-none-any.whl (58 kB)
[2023-12-22T14:34:50.728-0300] {process_utils.py:190} INFO - Collecting python-dateutil>=2.8.1 (from pandas<2.0.0,>=1.3.5->soda==1.1.28->soda-postgres->-r /tmp/venvi1nncory/requirements.txt (line 2))
[2023-12-22T14:34:50.729-0300] {process_utils.py:190} INFO -   Using cached python_dateutil-2.8.2-py2.py3-none-any.whl (247 kB)
[2023-12-22T14:34:51.317-0300] {process_utils.py:190} INFO - Collecting pytz>=2020.1 (from pandas<2.0.0,>=1.3.5->soda==1.1.28->soda-postgres->-r /tmp/venvi1nncory/requirements.txt (line 2))
[2023-12-22T14:34:51.318-0300] {process_utils.py:190} INFO -   Using cached pytz-2023.3.post1-py2.py3-none-any.whl.metadata (22 kB)
[2023-12-22T14:34:51.871-0300] {process_utils.py:190} INFO - Collecting cmdstanpy>=1.0.4 (from prophet<2.0.0,>=1.1.0->soda-scientific->-r /tmp/venvi1nncory/requirements.txt (line 3))
[2023-12-22T14:34:51.872-0300] {process_utils.py:190} INFO -   Using cached cmdstanpy-1.2.0-py3-none-any.whl.metadata (3.9 kB)
[2023-12-22T14:34:52.521-0300] {process_utils.py:190} INFO - Collecting matplotlib>=2.0.0 (from prophet<2.0.0,>=1.1.0->soda-scientific->-r /tmp/venvi1nncory/requirements.txt (line 3))
[2023-12-22T14:34:52.522-0300] {process_utils.py:190} INFO -   Using cached matplotlib-3.8.2-cp310-cp310-manylinux_2_17_x86_64.manylinux2014_x86_64.whl.metadata (5.8 kB)
[2023-12-22T14:34:53.052-0300] {process_utils.py:190} INFO - Collecting holidays>=0.25 (from prophet<2.0.0,>=1.1.0->soda-scientific->-r /tmp/venvi1nncory/requirements.txt (line 3))
[2023-12-22T14:34:53.053-0300] {process_utils.py:190} INFO -   Using cached holidays-0.39-py3-none-any.whl.metadata (21 kB)
[2023-12-22T14:34:53.633-0300] {process_utils.py:190} INFO - Collecting tqdm>=4.36.1 (from prophet<2.0.0,>=1.1.0->soda-scientific->-r /tmp/venvi1nncory/requirements.txt (line 3))
[2023-12-22T14:34:53.634-0300] {process_utils.py:190} INFO -   Using cached tqdm-4.66.1-py3-none-any.whl.metadata (57 kB)
[2023-12-22T14:34:54.208-0300] {process_utils.py:190} INFO - Collecting importlib-resources (from prophet<2.0.0,>=1.1.0->soda-scientific->-r /tmp/venvi1nncory/requirements.txt (line 3))
[2023-12-22T14:34:54.210-0300] {process_utils.py:190} INFO -   Using cached importlib_resources-6.1.1-py3-none-any.whl.metadata (4.1 kB)
[2023-12-22T14:34:54.766-0300] {process_utils.py:190} INFO - Collecting annotated-types>=0.4.0 (from pydantic<3.0.0,>=2.0.0->soda==1.1.28->soda-postgres->-r /tmp/venvi1nncory/requirements.txt (line 2))
[2023-12-22T14:34:54.767-0300] {process_utils.py:190} INFO -   Using cached annotated_types-0.6.0-py3-none-any.whl.metadata (12 kB)
[2023-12-22T14:34:55.733-0300] {process_utils.py:190} INFO - Collecting pydantic-core==2.14.6 (from pydantic<3.0.0,>=2.0.0->soda==1.1.28->soda-postgres->-r /tmp/venvi1nncory/requirements.txt (line 2))
[2023-12-22T14:34:55.734-0300] {process_utils.py:190} INFO -   Using cached pydantic_core-2.14.6-cp310-cp310-manylinux_2_17_x86_64.manylinux2014_x86_64.whl.metadata (6.5 kB)
[2023-12-22T14:34:56.258-0300] {process_utils.py:190} INFO - Collecting typing-extensions>=4.6.1 (from pydantic<3.0.0,>=2.0.0->soda==1.1.28->soda-postgres->-r /tmp/venvi1nncory/requirements.txt (line 2))
[2023-12-22T14:34:56.259-0300] {process_utils.py:190} INFO -   Using cached typing_extensions-4.9.0-py3-none-any.whl.metadata (3.0 kB)
[2023-12-22T14:34:56.842-0300] {process_utils.py:190} INFO - Collecting stanio~=0.3.0 (from cmdstanpy>=1.0.4->prophet<2.0.0,>=1.1.0->soda-scientific->-r /tmp/venvi1nncory/requirements.txt (line 3))
[2023-12-22T14:34:56.844-0300] {process_utils.py:190} INFO -   Using cached stanio-0.3.0-py3-none-any.whl.metadata (963 bytes)
[2023-12-22T14:34:57.412-0300] {process_utils.py:190} INFO - Collecting ordered-set<4.2.0,>=4.0.2 (from deepdiff~=6.3->soda==1.1.28->soda-postgres->-r /tmp/venvi1nncory/requirements.txt (line 2))
[2023-12-22T14:34:57.414-0300] {process_utils.py:190} INFO -   Using cached ordered_set-4.1.0-py3-none-any.whl (7.6 kB)
[2023-12-22T14:34:58.064-0300] {process_utils.py:190} INFO - Collecting contourpy>=1.0.1 (from matplotlib>=2.0.0->prophet<2.0.0,>=1.1.0->soda-scientific->-r /tmp/venvi1nncory/requirements.txt (line 3))
[2023-12-22T14:34:58.065-0300] {process_utils.py:190} INFO -   Using cached contourpy-1.2.0-cp310-cp310-manylinux_2_17_x86_64.manylinux2014_x86_64.whl.metadata (5.8 kB)
[2023-12-22T14:34:58.590-0300] {process_utils.py:190} INFO - Collecting cycler>=0.10 (from matplotlib>=2.0.0->prophet<2.0.0,>=1.1.0->soda-scientific->-r /tmp/venvi1nncory/requirements.txt (line 3))
[2023-12-22T14:34:58.592-0300] {process_utils.py:190} INFO -   Using cached cycler-0.12.1-py3-none-any.whl.metadata (3.8 kB)
[2023-12-22T14:34:59.272-0300] {process_utils.py:190} INFO - Collecting fonttools>=4.22.0 (from matplotlib>=2.0.0->prophet<2.0.0,>=1.1.0->soda-scientific->-r /tmp/venvi1nncory/requirements.txt (line 3))
[2023-12-22T14:34:59.273-0300] {process_utils.py:190} INFO -   Using cached fonttools-4.47.0-cp310-cp310-manylinux_2_17_x86_64.manylinux2014_x86_64.whl.metadata (157 kB)
[2023-12-22T14:34:59.857-0300] {process_utils.py:190} INFO - Collecting kiwisolver>=1.3.1 (from matplotlib>=2.0.0->prophet<2.0.0,>=1.1.0->soda-scientific->-r /tmp/venvi1nncory/requirements.txt (line 3))
[2023-12-22T14:34:59.858-0300] {process_utils.py:190} INFO -   Using cached kiwisolver-1.4.5-cp310-cp310-manylinux_2_12_x86_64.manylinux2010_x86_64.whl.metadata (6.4 kB)
[2023-12-22T14:35:00.389-0300] {process_utils.py:190} INFO - Collecting packaging>=20.0 (from matplotlib>=2.0.0->prophet<2.0.0,>=1.1.0->soda-scientific->-r /tmp/venvi1nncory/requirements.txt (line 3))
[2023-12-22T14:35:00.390-0300] {process_utils.py:190} INFO -   Using cached packaging-23.2-py3-none-any.whl.metadata (3.2 kB)
[2023-12-22T14:35:01.057-0300] {process_utils.py:190} INFO - Collecting pillow>=8 (from matplotlib>=2.0.0->prophet<2.0.0,>=1.1.0->soda-scientific->-r /tmp/venvi1nncory/requirements.txt (line 3))
[2023-12-22T14:35:01.058-0300] {process_utils.py:190} INFO -   Using cached Pillow-10.1.0-cp310-cp310-manylinux_2_28_x86_64.whl.metadata (9.5 kB)
[2023-12-22T14:35:01.596-0300] {process_utils.py:190} INFO - Collecting pyparsing>=2.3.1 (from matplotlib>=2.0.0->prophet<2.0.0,>=1.1.0->soda-scientific->-r /tmp/venvi1nncory/requirements.txt (line 3))
[2023-12-22T14:35:01.597-0300] {process_utils.py:190} INFO -   Using cached pyparsing-3.1.1-py3-none-any.whl.metadata (5.1 kB)
[2023-12-22T14:35:02.163-0300] {process_utils.py:190} INFO - Collecting deprecated>=1.2.6 (from opentelemetry-api~=1.16.0->soda==1.1.28->soda-postgres->-r /tmp/venvi1nncory/requirements.txt (line 2))
[2023-12-22T14:35:02.165-0300] {process_utils.py:190} INFO -   Using cached Deprecated-1.2.14-py2.py3-none-any.whl.metadata (5.4 kB)
[2023-12-22T14:35:02.167-0300] {process_utils.py:190} INFO - Requirement already satisfied: setuptools>=16.0 in /tmp/venvi1nncory/lib/python3.10/site-packages (from opentelemetry-api~=1.16.0->soda==1.1.28->soda-postgres->-r /tmp/venvi1nncory/requirements.txt (line 2)) (69.0.2)
[2023-12-22T14:35:02.749-0300] {process_utils.py:190} INFO - Collecting backoff<3.0.0,>=1.10.0 (from opentelemetry-exporter-otlp-proto-http~=1.16.0->soda==1.1.28->soda-postgres->-r /tmp/venvi1nncory/requirements.txt (line 2))
[2023-12-22T14:35:02.751-0300] {process_utils.py:190} INFO -   Using cached backoff-2.2.1-py3-none-any.whl (15 kB)
[2023-12-22T14:35:03.293-0300] {process_utils.py:190} INFO - Collecting googleapis-common-protos~=1.52 (from opentelemetry-exporter-otlp-proto-http~=1.16.0->soda==1.1.28->soda-postgres->-r /tmp/venvi1nncory/requirements.txt (line 2))
[2023-12-22T14:35:03.294-0300] {process_utils.py:190} INFO -   Using cached googleapis_common_protos-1.62.0-py2.py3-none-any.whl.metadata (1.5 kB)
[2023-12-22T14:35:03.870-0300] {process_utils.py:190} INFO - Collecting opentelemetry-proto==1.16.0 (from opentelemetry-exporter-otlp-proto-http~=1.16.0->soda==1.1.28->soda-postgres->-r /tmp/venvi1nncory/requirements.txt (line 2))
[2023-12-22T14:35:03.872-0300] {process_utils.py:190} INFO -   Using cached opentelemetry_proto-1.16.0-py3-none-any.whl (52 kB)
[2023-12-22T14:35:04.587-0300] {process_utils.py:190} INFO - Collecting opentelemetry-sdk~=1.16.0 (from opentelemetry-exporter-otlp-proto-http~=1.16.0->soda==1.1.28->soda-postgres->-r /tmp/venvi1nncory/requirements.txt (line 2))
[2023-12-22T14:35:04.588-0300] {process_utils.py:190} INFO -   Using cached opentelemetry_sdk-1.16.0-py3-none-any.whl (94 kB)
[2023-12-22T14:35:05.240-0300] {process_utils.py:190} INFO - Collecting protobuf<5.0,>=3.19 (from opentelemetry-proto==1.16.0->opentelemetry-exporter-otlp-proto-http~=1.16.0->soda==1.1.28->soda-postgres->-r /tmp/venvi1nncory/requirements.txt (line 2))
[2023-12-22T14:35:05.241-0300] {process_utils.py:190} INFO -   Using cached protobuf-4.25.1-cp37-abi3-manylinux2014_x86_64.whl.metadata (541 bytes)
[2023-12-22T14:35:05.783-0300] {process_utils.py:190} INFO - Collecting six>=1.5 (from python-dateutil>=2.8.1->pandas<2.0.0,>=1.3.5->soda==1.1.28->soda-postgres->-r /tmp/venvi1nncory/requirements.txt (line 2))
[2023-12-22T14:35:05.785-0300] {process_utils.py:190} INFO -   Using cached six-1.16.0-py2.py3-none-any.whl (11 kB)
[2023-12-22T14:35:06.402-0300] {process_utils.py:190} INFO - Collecting charset-normalizer<4,>=2 (from requests~=2.28->soda==1.1.28->soda-postgres->-r /tmp/venvi1nncory/requirements.txt (line 2))
[2023-12-22T14:35:06.403-0300] {process_utils.py:190} INFO -   Using cached charset_normalizer-3.3.2-cp310-cp310-manylinux_2_17_x86_64.manylinux2014_x86_64.whl.metadata (33 kB)
[2023-12-22T14:35:06.969-0300] {process_utils.py:190} INFO - Collecting urllib3<3,>=1.21.1 (from requests~=2.28->soda==1.1.28->soda-postgres->-r /tmp/venvi1nncory/requirements.txt (line 2))
[2023-12-22T14:35:06.969-0300] {process_utils.py:190} INFO -   Using cached urllib3-2.1.0-py3-none-any.whl.metadata (6.4 kB)
[2023-12-22T14:35:07.547-0300] {process_utils.py:190} INFO - Collecting markdown-it-py>=2.2.0 (from rich<14.0.0,>=13.3.3->soda==1.1.28->soda-postgres->-r /tmp/venvi1nncory/requirements.txt (line 2))
[2023-12-22T14:35:07.548-0300] {process_utils.py:190} INFO -   Using cached markdown_it_py-3.0.0-py3-none-any.whl.metadata (6.9 kB)
[2023-12-22T14:35:08.127-0300] {process_utils.py:190} INFO - Collecting pygments<3.0.0,>=2.13.0 (from rich<14.0.0,>=13.3.3->soda==1.1.28->soda-postgres->-r /tmp/venvi1nncory/requirements.txt (line 2))
[2023-12-22T14:35:08.128-0300] {process_utils.py:190} INFO -   Using cached pygments-2.17.2-py3-none-any.whl.metadata (2.6 kB)
[2023-12-22T14:35:08.683-0300] {process_utils.py:190} INFO - Collecting ruamel.yaml.clib>=0.2.7 (from ruamel.yaml<0.18.0,>=0.17.0->soda==1.1.28->soda-postgres->-r /tmp/venvi1nncory/requirements.txt (line 2))
[2023-12-22T14:35:08.685-0300] {process_utils.py:190} INFO -   Using cached ruamel.yaml.clib-0.2.8-cp310-cp310-manylinux_2_17_x86_64.manylinux2014_x86_64.manylinux_2_24_x86_64.whl.metadata (2.2 kB)
[2023-12-22T14:35:09.216-0300] {process_utils.py:190} INFO - Collecting monotonic~=1.5 (from segment-analytics-python<3.0.0->soda==1.1.28->soda-postgres->-r /tmp/venvi1nncory/requirements.txt (line 2))
[2023-12-22T14:35:09.217-0300] {process_utils.py:190} INFO -   Using cached monotonic-1.6-py2.py3-none-any.whl (8.2 kB)
[2023-12-22T14:35:09.896-0300] {process_utils.py:190} INFO - Collecting exceptiongroup>=1.0.2 (from anyio->httpx<2.0.0,>=0.18.1->soda-scientific->-r /tmp/venvi1nncory/requirements.txt (line 3))
[2023-12-22T14:35:09.897-0300] {process_utils.py:190} INFO -   Using cached exceptiongroup-1.2.0-py3-none-any.whl.metadata (6.6 kB)
[2023-12-22T14:35:10.471-0300] {process_utils.py:190} INFO - Collecting prompt_toolkit<=3.0.36,>=2.0 (from ia-questionary->soda==1.1.28->soda-postgres->-r /tmp/venvi1nncory/requirements.txt (line 2))
[2023-12-22T14:35:10.472-0300] {process_utils.py:190} INFO -   Using cached prompt_toolkit-3.0.36-py3-none-any.whl (386 kB)
[2023-12-22T14:35:11.128-0300] {process_utils.py:190} INFO - Collecting wrapt<2,>=1.10 (from deprecated>=1.2.6->opentelemetry-api~=1.16.0->soda==1.1.28->soda-postgres->-r /tmp/venvi1nncory/requirements.txt (line 2))
[2023-12-22T14:35:11.129-0300] {process_utils.py:190} INFO -   Using cached wrapt-1.16.0-cp310-cp310-manylinux_2_5_x86_64.manylinux1_x86_64.manylinux_2_17_x86_64.manylinux2014_x86_64.whl.metadata (6.6 kB)
[2023-12-22T14:35:11.774-0300] {process_utils.py:190} INFO - Collecting mdurl~=0.1 (from markdown-it-py>=2.2.0->rich<14.0.0,>=13.3.3->soda==1.1.28->soda-postgres->-r /tmp/venvi1nncory/requirements.txt (line 2))
[2023-12-22T14:35:11.775-0300] {process_utils.py:190} INFO -   Using cached mdurl-0.1.2-py3-none-any.whl (10.0 kB)
[2023-12-22T14:35:12.334-0300] {process_utils.py:190} INFO - Collecting opentelemetry-semantic-conventions==0.37b0 (from opentelemetry-sdk~=1.16.0->opentelemetry-exporter-otlp-proto-http~=1.16.0->soda==1.1.28->soda-postgres->-r /tmp/venvi1nncory/requirements.txt (line 2))
[2023-12-22T14:35:12.335-0300] {process_utils.py:190} INFO -   Using cached opentelemetry_semantic_conventions-0.37b0-py3-none-any.whl (26 kB)
[2023-12-22T14:35:12.936-0300] {process_utils.py:190} INFO - Collecting wcwidth (from prompt_toolkit<=3.0.36,>=2.0->ia-questionary->soda==1.1.28->soda-postgres->-r /tmp/venvi1nncory/requirements.txt (line 2))
[2023-12-22T14:35:12.938-0300] {process_utils.py:190} INFO -   Using cached wcwidth-0.2.12-py2.py3-none-any.whl.metadata (14 kB)
[2023-12-22T14:35:13.092-0300] {process_utils.py:190} INFO - Using cached Cython-3.0.7-cp310-cp310-manylinux_2_17_x86_64.manylinux2014_x86_64.whl (3.6 MB)
[2023-12-22T14:35:13.099-0300] {process_utils.py:190} INFO - Using cached httpx-0.26.0-py3-none-any.whl (75 kB)
[2023-12-22T14:35:13.100-0300] {process_utils.py:190} INFO - Using cached httpcore-1.0.2-py3-none-any.whl (76 kB)
[2023-12-22T14:35:13.101-0300] {process_utils.py:190} INFO - Using cached numpy-1.26.2-cp310-cp310-manylinux_2_17_x86_64.manylinux2014_x86_64.whl (18.2 MB)
[2023-12-22T14:35:13.133-0300] {process_utils.py:190} INFO - Using cached prophet-1.1.5-py3-none-manylinux_2_17_x86_64.manylinux2014_x86_64.whl (14.4 MB)
[2023-12-22T14:35:13.159-0300] {process_utils.py:190} INFO - Using cached psycopg2_binary-2.9.9-cp310-cp310-manylinux_2_17_x86_64.manylinux2014_x86_64.whl (3.0 MB)
[2023-12-22T14:35:13.165-0300] {process_utils.py:190} INFO - Using cached pydantic-2.5.3-py3-none-any.whl (381 kB)
[2023-12-22T14:35:13.167-0300] {process_utils.py:190} INFO - Using cached pydantic_core-2.14.6-cp310-cp310-manylinux_2_17_x86_64.manylinux2014_x86_64.whl (2.1 MB)
[2023-12-22T14:35:13.171-0300] {process_utils.py:190} INFO - Using cached PyYAML-6.0.1-cp310-cp310-manylinux_2_17_x86_64.manylinux2014_x86_64.whl (705 kB)
[2023-12-22T14:35:13.173-0300] {process_utils.py:190} INFO - Using cached scipy-1.11.4-cp310-cp310-manylinux_2_17_x86_64.manylinux2014_x86_64.whl (36.4 MB)
[2023-12-22T14:35:13.235-0300] {process_utils.py:190} INFO - Using cached annotated_types-0.6.0-py3-none-any.whl (12 kB)
[2023-12-22T14:35:13.236-0300] {process_utils.py:190} INFO - Using cached click-8.1.7-py3-none-any.whl (97 kB)
[2023-12-22T14:35:13.236-0300] {process_utils.py:190} INFO - Using cached cmdstanpy-1.2.0-py3-none-any.whl (93 kB)
[2023-12-22T14:35:13.237-0300] {process_utils.py:190} INFO - Using cached deepdiff-6.7.1-py3-none-any.whl (76 kB)
[2023-12-22T14:35:13.238-0300] {process_utils.py:190} INFO - Using cached holidays-0.39-py3-none-any.whl (869 kB)
[2023-12-22T14:35:13.240-0300] {process_utils.py:190} INFO - Using cached inflect-7.0.0-py3-none-any.whl (34 kB)
[2023-12-22T14:35:13.241-0300] {process_utils.py:190} INFO - Using cached matplotlib-3.8.2-cp310-cp310-manylinux_2_17_x86_64.manylinux2014_x86_64.whl (11.6 MB)
[2023-12-22T14:35:13.262-0300] {process_utils.py:190} INFO - Using cached pytz-2023.3.post1-py2.py3-none-any.whl (502 kB)
[2023-12-22T14:35:13.264-0300] {process_utils.py:190} INFO - Using cached requests-2.31.0-py3-none-any.whl (62 kB)
[2023-12-22T14:35:13.265-0300] {process_utils.py:190} INFO - Using cached certifi-2023.11.17-py3-none-any.whl (162 kB)
[2023-12-22T14:35:13.266-0300] {process_utils.py:190} INFO - Using cached idna-3.6-py3-none-any.whl (61 kB)
[2023-12-22T14:35:13.267-0300] {process_utils.py:190} INFO - Using cached rich-13.7.0-py3-none-any.whl (240 kB)
[2023-12-22T14:35:13.268-0300] {process_utils.py:190} INFO - Using cached ruamel.yaml-0.17.40-py3-none-any.whl (113 kB)
[2023-12-22T14:35:13.269-0300] {process_utils.py:190} INFO - Using cached segment_analytics_python-2.2.3-py2.py3-none-any.whl (24 kB)
[2023-12-22T14:35:13.269-0300] {process_utils.py:190} INFO - Using cached tqdm-4.66.1-py3-none-any.whl (78 kB)
[2023-12-22T14:35:13.270-0300] {process_utils.py:190} INFO - Using cached typing_extensions-4.9.0-py3-none-any.whl (32 kB)
[2023-12-22T14:35:13.271-0300] {process_utils.py:190} INFO - Using cached anyio-4.2.0-py3-none-any.whl (85 kB)
[2023-12-22T14:35:13.272-0300] {process_utils.py:190} INFO - Using cached importlib_resources-6.1.1-py3-none-any.whl (33 kB)
[2023-12-22T14:35:13.273-0300] {process_utils.py:190} INFO - Using cached charset_normalizer-3.3.2-cp310-cp310-manylinux_2_17_x86_64.manylinux2014_x86_64.whl (142 kB)
[2023-12-22T14:35:13.274-0300] {process_utils.py:190} INFO - Using cached contourpy-1.2.0-cp310-cp310-manylinux_2_17_x86_64.manylinux2014_x86_64.whl (310 kB)
[2023-12-22T14:35:13.276-0300] {process_utils.py:190} INFO - Using cached cycler-0.12.1-py3-none-any.whl (8.3 kB)
[2023-12-22T14:35:13.276-0300] {process_utils.py:190} INFO - Using cached Deprecated-1.2.14-py2.py3-none-any.whl (9.6 kB)
[2023-12-22T14:35:13.277-0300] {process_utils.py:190} INFO - Using cached exceptiongroup-1.2.0-py3-none-any.whl (16 kB)
[2023-12-22T14:35:13.278-0300] {process_utils.py:190} INFO - Using cached fonttools-4.47.0-cp310-cp310-manylinux_2_17_x86_64.manylinux2014_x86_64.whl (4.6 MB)
[2023-12-22T14:35:13.287-0300] {process_utils.py:190} INFO - Using cached googleapis_common_protos-1.62.0-py2.py3-none-any.whl (228 kB)
[2023-12-22T14:35:13.288-0300] {process_utils.py:190} INFO - Using cached kiwisolver-1.4.5-cp310-cp310-manylinux_2_12_x86_64.manylinux2010_x86_64.whl (1.6 MB)
[2023-12-22T14:35:13.292-0300] {process_utils.py:190} INFO - Using cached markdown_it_py-3.0.0-py3-none-any.whl (87 kB)
[2023-12-22T14:35:13.293-0300] {process_utils.py:190} INFO - Using cached packaging-23.2-py3-none-any.whl (53 kB)
[2023-12-22T14:35:13.293-0300] {process_utils.py:190} INFO - Using cached Pillow-10.1.0-cp310-cp310-manylinux_2_28_x86_64.whl (3.6 MB)
[2023-12-22T14:35:13.301-0300] {process_utils.py:190} INFO - Using cached pygments-2.17.2-py3-none-any.whl (1.2 MB)
[2023-12-22T14:35:13.304-0300] {process_utils.py:190} INFO - Using cached pyparsing-3.1.1-py3-none-any.whl (103 kB)
[2023-12-22T14:35:13.305-0300] {process_utils.py:190} INFO - Using cached ruamel.yaml.clib-0.2.8-cp310-cp310-manylinux_2_17_x86_64.manylinux2014_x86_64.manylinux_2_24_x86_64.whl (526 kB)
[2023-12-22T14:35:13.306-0300] {process_utils.py:190} INFO - Using cached stanio-0.3.0-py3-none-any.whl (6.2 kB)
[2023-12-22T14:35:13.307-0300] {process_utils.py:190} INFO - Using cached urllib3-2.1.0-py3-none-any.whl (104 kB)
[2023-12-22T14:35:13.308-0300] {process_utils.py:190} INFO - Using cached protobuf-4.25.1-cp37-abi3-manylinux2014_x86_64.whl (294 kB)
[2023-12-22T14:35:13.309-0300] {process_utils.py:190} INFO - Using cached wrapt-1.16.0-cp310-cp310-manylinux_2_5_x86_64.manylinux1_x86_64.manylinux_2_17_x86_64.manylinux2014_x86_64.whl (80 kB)
[2023-12-22T14:35:13.310-0300] {process_utils.py:190} INFO - Using cached wcwidth-0.2.12-py2.py3-none-any.whl (34 kB)
[2023-12-22T14:35:13.700-0300] {process_utils.py:190} INFO - Installing collected packages: wcwidth, pytz, monotonic, antlr4-python3-runtime, wrapt, urllib3, typing-extensions, tqdm, sqlparse, sniffio, six, ruamel.yaml.clib, pyyaml, pyparsing, pygments, psycopg2-binary, protobuf, prompt_toolkit, pillow, packaging, ordered-set, opentelemetry-semantic-conventions, numpy, mdurl, markupsafe, kiwisolver, inflection, importlib-resources, idna, h11, fonttools, exceptiongroup, cython, cycler, click, charset-normalizer, certifi, backoff, annotated-types, typer, stanio, scipy, ruamel.yaml, requests, python-dateutil, pydantic-core, opentelemetry-proto, markdown-it-py, Jinja2, ia-questionary, httpcore, googleapis-common-protos, deprecated, deepdiff, contourpy, anyio, segment-analytics-python, rich, pydantic, pandas, opentelemetry-api, matplotlib, httpx, holidays, soda-freshness, opentelemetry-sdk, inflect, cmdstanpy, prophet, opentelemetry-exporter-otlp-proto-http, soda, soda-scientific, soda-postgres
[2023-12-22T14:35:33.522-0300] {process_utils.py:190} INFO - Successfully installed Jinja2-3.1.2 annotated-types-0.6.0 antlr4-python3-runtime-4.11.1 anyio-4.2.0 backoff-2.2.1 certifi-2023.11.17 charset-normalizer-3.3.2 click-8.1.7 cmdstanpy-1.2.0 contourpy-1.2.0 cycler-0.12.1 cython-3.0.7 deepdiff-6.7.1 deprecated-1.2.14 exceptiongroup-1.2.0 fonttools-4.47.0 googleapis-common-protos-1.62.0 h11-0.14.0 holidays-0.39 httpcore-1.0.2 httpx-0.26.0 ia-questionary-1.10.0 idna-3.6 importlib-resources-6.1.1 inflect-7.0.0 inflection-0.5.1 kiwisolver-1.4.5 markdown-it-py-3.0.0 markupsafe-2.1.2 matplotlib-3.8.2 mdurl-0.1.2 monotonic-1.6 numpy-1.26.2 opentelemetry-api-1.16.0 opentelemetry-exporter-otlp-proto-http-1.16.0 opentelemetry-proto-1.16.0 opentelemetry-sdk-1.16.0 opentelemetry-semantic-conventions-0.37b0 ordered-set-4.1.0 packaging-23.2 pandas-1.5.3 pillow-10.1.0 prompt_toolkit-3.0.36 prophet-1.1.5 protobuf-4.25.1 psycopg2-binary-2.9.9 pydantic-2.5.3 pydantic-core-2.14.6 pygments-2.17.2 pyparsing-3.1.1 python-dateutil-2.8.2 pytz-2023.3.post1 pyyaml-6.0.1 requests-2.31.0 rich-13.7.0 ruamel.yaml-0.17.40 ruamel.yaml.clib-0.2.8 scipy-1.11.4 segment-analytics-python-2.2.3 six-1.16.0 sniffio-1.3.0 soda-1.1.28 soda-freshness-0.0.5 soda-postgres-1.1.28 soda-scientific-1.1.28 sqlparse-0.4.4 stanio-0.3.0 tqdm-4.66.1 typer-0.9.0 typing-extensions-4.9.0 urllib3-2.1.0 wcwidth-0.2.12 wrapt-1.16.0
[2023-12-22T14:35:34.251-0300] {process_utils.py:182} INFO - Executing cmd: /tmp/venvi1nncory/bin/python /tmp/venv-callf0o__e0o/script.py /tmp/venv-callf0o__e0o/script.in /tmp/venv-callf0o__e0o/script.out /tmp/venv-callf0o__e0o/string_args.txt /tmp/venv-callf0o__e0o/termination.log
[2023-12-22T14:35:34.251-0300] {process_utils.py:186} INFO - Output:
[2023-12-22T14:35:39.526-0300] {process_utils.py:190} INFO - Running Soda Scan ...
[2023-12-22T14:35:39.527-0300] {process_utils.py:190} INFO - INFO   | Soda Library 1.1.28
[2023-12-22T14:35:39.527-0300] {process_utils.py:190} INFO - INFO   | Soda Core 3.0.47
[2023-12-22T14:35:39.527-0300] {process_utils.py:190} INFO - DEBUG  | Reading configuration file "/home/franco/Documents/Projects/soda/soda/configuration.yml"
[2023-12-22T14:35:39.527-0300] {process_utils.py:190} INFO - DEBUG  | Reading SodaCL file "/home/franco/Documents/Projects/soda/soda/checks/ingest/dim_product_category.yml"
[2023-12-22T14:35:39.527-0300] {process_utils.py:190} INFO - DEBUG  | Scan execution starts
[2023-12-22T14:35:39.527-0300] {process_utils.py:190} INFO - INFO   | By downloading and using Soda Library, you agree to Soda's Terms & Conditions (https://go.soda.io/t&c) and Privacy Policy (https://go.soda.io/privacy).
[2023-12-22T14:35:39.527-0300] {process_utils.py:190} INFO - DEBUG  | Postgres connection properties: host="localhost", port="None", database="postgres", user="postgres", options="-c search_path=public", connection_timeout="None"
[2023-12-22T14:35:39.527-0300] {process_utils.py:190} INFO - DEBUG  | Query adventureworks.dim_product_category.aggregation[0]:
[2023-12-22T14:35:39.527-0300] {process_utils.py:190} INFO - SELECT
[2023-12-22T14:35:39.527-0300] {process_utils.py:190} INFO -   COUNT(*),
[2023-12-22T14:35:39.527-0300] {process_utils.py:190} INFO -   COUNT(CASE WHEN product_category_key IS NULL THEN 1 END),
[2023-12-22T14:35:39.528-0300] {process_utils.py:190} INFO -   COUNT(CASE WHEN english_product_category_name IS NULL THEN 1 END)
[2023-12-22T14:35:39.528-0300] {process_utils.py:190} INFO - FROM public.dim_product_category
[2023-12-22T14:35:39.528-0300] {process_utils.py:190} INFO - DEBUG  | Query adventureworks.dim_product_category.schema[dim_product_category]:
[2023-12-22T14:35:39.528-0300] {process_utils.py:190} INFO - SELECT column_name, data_type, is_nullable
[2023-12-22T14:35:39.528-0300] {process_utils.py:190} INFO - FROM information_schema.columns
[2023-12-22T14:35:39.528-0300] {process_utils.py:190} INFO - WHERE lower(table_name) = 'dim_product_category'
[2023-12-22T14:35:39.528-0300] {process_utils.py:190} INFO -   AND lower(table_catalog) = 'postgres'
[2023-12-22T14:35:39.528-0300] {process_utils.py:190} INFO -   AND lower(table_schema) = 'public'
[2023-12-22T14:35:39.528-0300] {process_utils.py:190} INFO - ORDER BY ORDINAL_POSITION
[2023-12-22T14:35:39.528-0300] {process_utils.py:190} INFO - INFO   | Scan summary:
[2023-12-22T14:35:39.528-0300] {process_utils.py:190} INFO - DEBUG  | 2/2 queries OK
[2023-12-22T14:35:39.528-0300] {process_utils.py:190} INFO - DEBUG  |   adventureworks.dim_product_category.aggregation[0] [OK] 0:00:00.001764
[2023-12-22T14:35:39.528-0300] {process_utils.py:190} INFO - DEBUG  |   adventureworks.dim_product_category.schema[dim_product_category] [OK] 0:00:00.010711
[2023-12-22T14:35:39.528-0300] {process_utils.py:190} INFO - INFO   | 4/4 checks PASSED:
[2023-12-22T14:35:39.528-0300] {process_utils.py:190} INFO - INFO   |     dim_product_category in adventureworks
[2023-12-22T14:35:39.529-0300] {process_utils.py:190} INFO - INFO   |       Schema Check [/home/franco/Documents/Projects/soda/soda/checks/ingest/dim_product_category.yml] [PASSED]
[2023-12-22T14:35:39.529-0300] {process_utils.py:190} INFO - INFO   |         schema_measured = [product_category_key integer, product_category_alternate_key integer, english_product_category_name character varying, spanish_product_category_name character varying, french_product_category_name character varying]
[2023-12-22T14:35:39.529-0300] {process_utils.py:190} INFO - INFO   |       Categories are stable [/home/franco/Documents/Projects/soda/soda/checks/ingest/dim_product_category.yml] [PASSED]
[2023-12-22T14:35:39.529-0300] {process_utils.py:190} INFO - INFO   |         check_value: 0.0
[2023-12-22T14:35:39.529-0300] {process_utils.py:190} INFO - INFO   |         historic_value: 4.0
[2023-12-22T14:35:39.529-0300] {process_utils.py:190} INFO - INFO   |         metric_value: 4
[2023-12-22T14:35:39.529-0300] {process_utils.py:190} INFO - INFO   |       All categories have a key [/home/franco/Documents/Projects/soda/soda/checks/ingest/dim_product_category.yml] [PASSED]
[2023-12-22T14:35:39.529-0300] {process_utils.py:190} INFO - INFO   |         check_value: 0
[2023-12-22T14:35:39.529-0300] {process_utils.py:190} INFO - INFO   |       All categories have a name [/home/franco/Documents/Projects/soda/soda/checks/ingest/dim_product_category.yml] [PASSED]
[2023-12-22T14:35:39.529-0300] {process_utils.py:190} INFO - INFO   |         check_value: 0
[2023-12-22T14:35:39.530-0300] {process_utils.py:190} INFO - INFO   | All is good. No failures. No warnings. No errors.
[2023-12-22T14:35:39.530-0300] {process_utils.py:190} INFO - INFO   | Sending results to Soda Cloud
[2023-12-22T14:35:39.530-0300] {process_utils.py:190} INFO - INFO   | Soda Cloud Trace: 53952982249534399
[2023-12-22T14:35:40.494-0300] {python.py:201} INFO - Done. Returned value was: 0
[2023-12-22T14:35:40.617-0300] {taskinstance.py:1138} INFO - Marking task as SUCCESS. dag_id=model_adventureworks_sales_category, task_id=checks_ingest, execution_date=20231222T173252, start_date=20231222T173424, end_date=20231222T173540
[2023-12-22T14:35:40.794-0300] {local_task_job_runner.py:234} INFO - Task exited with return code 0
[2023-12-22T14:35:40.814-0300] {taskinstance.py:3281} INFO - 1 downstream tasks scheduled from follow-on schedule check
